2018-11-13 09:41:23,019 INFO  [main] com.stackroute.RegistrationApplication : Starting RegistrationApplication on DESKTOP-KQNNCEO with PID 17484 (C:\Users\Ram\Desktop\RegistrationService\target\classes started by Ram in C:\Users\Ram\Desktop\RegistrationService)
2018-11-13 09:41:23,041 DEBUG [main] com.stackroute.RegistrationApplication : Running with Spring Boot v2.1.0.RELEASE, Spring v5.1.2.RELEASE
2018-11-13 09:41:23,046 INFO  [main] com.stackroute.RegistrationApplication : No active profile set, falling back to default profiles: default
2018-11-13 09:41:24,207 INFO  [main] org.springframework.context.support.PostProcessorRegistrationDelegate$BeanPostProcessorChecker : Bean 'org.springframework.kafka.annotation.KafkaBootstrapConfiguration' of type [org.springframework.kafka.annotation.KafkaBootstrapConfiguration$$EnhancerBySpringCGLIB$$95c34209] is not eligible for getting processed by all BeanPostProcessors (for example: not eligible for auto-proxying)
2018-11-13 09:41:24,783 INFO  [main] org.springframework.boot.web.embedded.tomcat.TomcatWebServer : Tomcat initialized with port(s): 8080 (http)
2018-11-13 09:41:24,814 INFO  [main] org.apache.catalina.core.StandardService : Starting service [Tomcat]
2018-11-13 09:41:24,814 INFO  [main] org.apache.catalina.core.StandardEngine : Starting Servlet Engine: Apache Tomcat/9.0.12
2018-11-13 09:41:24,825 INFO  [main] org.apache.catalina.core.AprLifecycleListener : The APR based Apache Tomcat Native library which allows optimal performance in production environments was not found on the java.library.path: [C:\Program Files\Java\jdk-10.0.2\bin;C:\WINDOWS\Sun\Java\bin;C:\WINDOWS\system32;C:\WINDOWS;.;C:\Program Files\Java\jdk-10.0.2\bin;C:\Program Files\MySQL\MySQL Server 8.0\bin\bin...;C:\Program Files\MySQL\MySQL Server 8.0\bin;C:\Ruby24-x64\bin;C:\Users\Ram\AppData\Local\Microsoft\WindowsApps;C:\Users\Ram\AppData\Local\Programs\Microsoft VS Code\bin;C:\Users\Ram\AppData\Roaming\npm;C:\Program Files\MongoDB\Server\4.0\bin;C:\Program Files\nodejs;;C:\Program Files\Docker Toolbox;.]
2018-11-13 09:41:24,951 INFO  [main] org.apache.catalina.core.ContainerBase.[Tomcat].[localhost].[/] : Initializing Spring embedded WebApplicationContext
2018-11-13 09:41:24,951 INFO  [main] org.springframework.web.context.ContextLoader : Root WebApplicationContext: initialization completed in 1828 ms
2018-11-13 09:41:24,986 INFO  [main] org.springframework.boot.web.servlet.ServletRegistrationBean : Servlet dispatcherServlet mapped to [/]
2018-11-13 09:41:24,992 INFO  [main] org.springframework.boot.web.servlet.FilterRegistrationBean : Mapping filter: 'characterEncodingFilter' to: [/*]
2018-11-13 09:41:24,993 INFO  [main] org.springframework.boot.web.servlet.FilterRegistrationBean : Mapping filter: 'hiddenHttpMethodFilter' to: [/*]
2018-11-13 09:41:24,993 INFO  [main] org.springframework.boot.web.servlet.FilterRegistrationBean : Mapping filter: 'formContentFilter' to: [/*]
2018-11-13 09:41:24,994 INFO  [main] org.springframework.boot.web.servlet.FilterRegistrationBean : Mapping filter: 'requestContextFilter' to: [/*]
2018-11-13 09:41:25,300 INFO  [main] org.springframework.scheduling.concurrent.ThreadPoolTaskExecutor : Initializing ExecutorService 'applicationTaskExecutor'
2018-11-13 09:41:25,632 INFO  [main] org.springframework.boot.web.embedded.tomcat.TomcatWebServer : Tomcat started on port(s): 8080 (http) with context path ''
2018-11-13 09:41:25,638 INFO  [main] com.stackroute.RegistrationApplication : Started RegistrationApplication in 3.497 seconds (JVM running for 4.33)
2018-11-13 09:44:00,565 INFO  [http-nio-8080-exec-1] org.apache.catalina.core.ContainerBase.[Tomcat].[localhost].[/] : Initializing Spring DispatcherServlet 'dispatcherServlet'
2018-11-13 09:44:00,567 INFO  [http-nio-8080-exec-1] org.springframework.web.servlet.DispatcherServlet : Initializing Servlet 'dispatcherServlet'
2018-11-13 09:44:00,586 INFO  [http-nio-8080-exec-1] org.springframework.web.servlet.DispatcherServlet : Completed initialization in 19 ms
2018-11-13 09:47:32,813 INFO  [main] com.stackroute.RegistrationApplication : Starting RegistrationApplication on DESKTOP-KQNNCEO with PID 12880 (C:\Users\Ram\Desktop\RegistrationService\target\classes started by Ram in C:\Users\Ram\Desktop\RegistrationService)
2018-11-13 09:47:32,819 DEBUG [main] com.stackroute.RegistrationApplication : Running with Spring Boot v2.1.0.RELEASE, Spring v5.1.2.RELEASE
2018-11-13 09:47:32,823 INFO  [main] com.stackroute.RegistrationApplication : No active profile set, falling back to default profiles: default
2018-11-13 09:47:34,837 INFO  [main] org.springframework.context.support.PostProcessorRegistrationDelegate$BeanPostProcessorChecker : Bean 'org.springframework.kafka.annotation.KafkaBootstrapConfiguration' of type [org.springframework.kafka.annotation.KafkaBootstrapConfiguration$$EnhancerBySpringCGLIB$$714b3ebd] is not eligible for getting processed by all BeanPostProcessors (for example: not eligible for auto-proxying)
2018-11-13 09:47:35,735 INFO  [main] org.springframework.boot.web.embedded.tomcat.TomcatWebServer : Tomcat initialized with port(s): 8080 (http)
2018-11-13 09:47:35,775 INFO  [main] org.apache.catalina.core.StandardService : Starting service [Tomcat]
2018-11-13 09:47:35,776 INFO  [main] org.apache.catalina.core.StandardEngine : Starting Servlet Engine: Apache Tomcat/9.0.12
2018-11-13 09:47:35,790 INFO  [main] org.apache.catalina.core.AprLifecycleListener : The APR based Apache Tomcat Native library which allows optimal performance in production environments was not found on the java.library.path: [C:\Program Files\Java\jdk-10.0.2\bin;C:\WINDOWS\Sun\Java\bin;C:\WINDOWS\system32;C:\WINDOWS;.;C:\Program Files\Java\jdk-10.0.2\bin;C:\Program Files\MySQL\MySQL Server 8.0\bin\bin...;C:\Program Files\MySQL\MySQL Server 8.0\bin;C:\Ruby24-x64\bin;C:\Users\Ram\AppData\Local\Microsoft\WindowsApps;C:\Users\Ram\AppData\Local\Programs\Microsoft VS Code\bin;C:\Users\Ram\AppData\Roaming\npm;C:\Program Files\MongoDB\Server\4.0\bin;C:\Program Files\nodejs;;C:\Program Files\Docker Toolbox;.]
2018-11-13 09:47:35,964 INFO  [main] org.apache.catalina.core.ContainerBase.[Tomcat].[localhost].[/] : Initializing Spring embedded WebApplicationContext
2018-11-13 09:47:35,965 INFO  [main] org.springframework.web.context.ContextLoader : Root WebApplicationContext: initialization completed in 3000 ms
2018-11-13 09:47:36,008 INFO  [main] org.springframework.boot.web.servlet.ServletRegistrationBean : Servlet dispatcherServlet mapped to [/]
2018-11-13 09:47:36,016 INFO  [main] org.springframework.boot.web.servlet.FilterRegistrationBean : Mapping filter: 'characterEncodingFilter' to: [/*]
2018-11-13 09:47:36,017 INFO  [main] org.springframework.boot.web.servlet.FilterRegistrationBean : Mapping filter: 'hiddenHttpMethodFilter' to: [/*]
2018-11-13 09:47:36,017 INFO  [main] org.springframework.boot.web.servlet.FilterRegistrationBean : Mapping filter: 'formContentFilter' to: [/*]
2018-11-13 09:47:36,018 INFO  [main] org.springframework.boot.web.servlet.FilterRegistrationBean : Mapping filter: 'requestContextFilter' to: [/*]
2018-11-13 09:47:36,552 INFO  [main] org.springframework.scheduling.concurrent.ThreadPoolTaskExecutor : Initializing ExecutorService 'applicationTaskExecutor'
2018-11-13 09:47:36,986 INFO  [main] org.springframework.boot.web.embedded.tomcat.TomcatWebServer : Tomcat started on port(s): 8080 (http) with context path ''
2018-11-13 09:47:36,992 INFO  [main] com.stackroute.RegistrationApplication : Started RegistrationApplication in 4.892 seconds (JVM running for 5.565)
2018-11-13 09:47:51,716 INFO  [http-nio-8080-exec-1] org.apache.catalina.core.ContainerBase.[Tomcat].[localhost].[/] : Initializing Spring DispatcherServlet 'dispatcherServlet'
2018-11-13 09:47:51,717 INFO  [http-nio-8080-exec-1] org.springframework.web.servlet.DispatcherServlet : Initializing Servlet 'dispatcherServlet'
2018-11-13 09:47:51,727 INFO  [http-nio-8080-exec-1] org.springframework.web.servlet.DispatcherServlet : Completed initialization in 9 ms
2018-11-13 09:52:53,986 INFO  [main] com.stackroute.RegistrationApplication : Starting RegistrationApplication on DESKTOP-KQNNCEO with PID 10800 (C:\Users\Ram\Desktop\RegistrationService\target\classes started by Ram in C:\Users\Ram\Desktop\RegistrationService)
2018-11-13 09:52:53,991 DEBUG [main] com.stackroute.RegistrationApplication : Running with Spring Boot v2.1.0.RELEASE, Spring v5.1.2.RELEASE
2018-11-13 09:52:53,993 INFO  [main] com.stackroute.RegistrationApplication : No active profile set, falling back to default profiles: default
2018-11-13 09:52:55,368 INFO  [main] org.springframework.context.support.PostProcessorRegistrationDelegate$BeanPostProcessorChecker : Bean 'org.springframework.kafka.annotation.KafkaBootstrapConfiguration' of type [org.springframework.kafka.annotation.KafkaBootstrapConfiguration$$EnhancerBySpringCGLIB$$c1fed1db] is not eligible for getting processed by all BeanPostProcessors (for example: not eligible for auto-proxying)
2018-11-13 09:52:55,996 INFO  [main] org.springframework.boot.web.embedded.tomcat.TomcatWebServer : Tomcat initialized with port(s): 8080 (http)
2018-11-13 09:52:56,029 INFO  [main] org.apache.catalina.core.StandardService : Starting service [Tomcat]
2018-11-13 09:52:56,029 INFO  [main] org.apache.catalina.core.StandardEngine : Starting Servlet Engine: Apache Tomcat/9.0.12
2018-11-13 09:52:56,048 INFO  [main] org.apache.catalina.core.AprLifecycleListener : The APR based Apache Tomcat Native library which allows optimal performance in production environments was not found on the java.library.path: [C:\Program Files\Java\jdk-10.0.2\bin;C:\WINDOWS\Sun\Java\bin;C:\WINDOWS\system32;C:\WINDOWS;.;C:\Program Files\Java\jdk-10.0.2\bin;C:\Program Files\MySQL\MySQL Server 8.0\bin\bin...;C:\Program Files\MySQL\MySQL Server 8.0\bin;C:\Ruby24-x64\bin;C:\Users\Ram\AppData\Local\Microsoft\WindowsApps;C:\Users\Ram\AppData\Local\Programs\Microsoft VS Code\bin;C:\Users\Ram\AppData\Roaming\npm;C:\Program Files\MongoDB\Server\4.0\bin;C:\Program Files\nodejs;;C:\Program Files\Docker Toolbox;.]
2018-11-13 09:52:56,182 INFO  [main] org.apache.catalina.core.ContainerBase.[Tomcat].[localhost].[/] : Initializing Spring embedded WebApplicationContext
2018-11-13 09:52:56,183 INFO  [main] org.springframework.web.context.ContextLoader : Root WebApplicationContext: initialization completed in 2126 ms
2018-11-13 09:52:56,229 INFO  [main] org.springframework.boot.web.servlet.ServletRegistrationBean : Servlet dispatcherServlet mapped to [/]
2018-11-13 09:52:56,235 INFO  [main] org.springframework.boot.web.servlet.FilterRegistrationBean : Mapping filter: 'characterEncodingFilter' to: [/*]
2018-11-13 09:52:56,236 INFO  [main] org.springframework.boot.web.servlet.FilterRegistrationBean : Mapping filter: 'hiddenHttpMethodFilter' to: [/*]
2018-11-13 09:52:56,237 INFO  [main] org.springframework.boot.web.servlet.FilterRegistrationBean : Mapping filter: 'formContentFilter' to: [/*]
2018-11-13 09:52:56,237 INFO  [main] org.springframework.boot.web.servlet.FilterRegistrationBean : Mapping filter: 'requestContextFilter' to: [/*]
2018-11-13 09:52:56,571 INFO  [main] org.springframework.scheduling.concurrent.ThreadPoolTaskExecutor : Initializing ExecutorService 'applicationTaskExecutor'
2018-11-13 09:52:56,913 INFO  [main] org.springframework.boot.web.embedded.tomcat.TomcatWebServer : Tomcat started on port(s): 8080 (http) with context path ''
2018-11-13 09:52:56,922 INFO  [main] com.stackroute.RegistrationApplication : Started RegistrationApplication in 3.559 seconds (JVM running for 4.199)
2018-11-13 09:54:03,688 INFO  [main] com.stackroute.RegistrationApplication : Starting RegistrationApplication on DESKTOP-KQNNCEO with PID 14928 (C:\Users\Ram\Desktop\RegistrationService\target\classes started by Ram in C:\Users\Ram\Desktop\RegistrationService)
2018-11-13 09:54:03,691 DEBUG [main] com.stackroute.RegistrationApplication : Running with Spring Boot v2.1.0.RELEASE, Spring v5.1.2.RELEASE
2018-11-13 09:54:03,694 INFO  [main] com.stackroute.RegistrationApplication : No active profile set, falling back to default profiles: default
2018-11-13 09:54:05,097 INFO  [main] org.springframework.context.support.PostProcessorRegistrationDelegate$BeanPostProcessorChecker : Bean 'org.springframework.kafka.annotation.KafkaBootstrapConfiguration' of type [org.springframework.kafka.annotation.KafkaBootstrapConfiguration$$EnhancerBySpringCGLIB$$647f75a4] is not eligible for getting processed by all BeanPostProcessors (for example: not eligible for auto-proxying)
2018-11-13 09:54:05,682 INFO  [main] org.springframework.boot.web.embedded.tomcat.TomcatWebServer : Tomcat initialized with port(s): 8080 (http)
2018-11-13 09:54:05,713 INFO  [main] org.apache.catalina.core.StandardService : Starting service [Tomcat]
2018-11-13 09:54:05,714 INFO  [main] org.apache.catalina.core.StandardEngine : Starting Servlet Engine: Apache Tomcat/9.0.12
2018-11-13 09:54:05,727 INFO  [main] org.apache.catalina.core.AprLifecycleListener : The APR based Apache Tomcat Native library which allows optimal performance in production environments was not found on the java.library.path: [C:\Program Files\Java\jdk-10.0.2\bin;C:\WINDOWS\Sun\Java\bin;C:\WINDOWS\system32;C:\WINDOWS;.;C:\Program Files\Java\jdk-10.0.2\bin;C:\Program Files\MySQL\MySQL Server 8.0\bin\bin...;C:\Program Files\MySQL\MySQL Server 8.0\bin;C:\Ruby24-x64\bin;C:\Users\Ram\AppData\Local\Microsoft\WindowsApps;C:\Users\Ram\AppData\Local\Programs\Microsoft VS Code\bin;C:\Users\Ram\AppData\Roaming\npm;C:\Program Files\MongoDB\Server\4.0\bin;C:\Program Files\nodejs;;C:\Program Files\Docker Toolbox;.]
2018-11-13 09:54:05,858 INFO  [main] org.apache.catalina.core.ContainerBase.[Tomcat].[localhost].[/] : Initializing Spring embedded WebApplicationContext
2018-11-13 09:54:05,859 INFO  [main] org.springframework.web.context.ContextLoader : Root WebApplicationContext: initialization completed in 2083 ms
2018-11-13 09:54:05,896 INFO  [main] org.springframework.boot.web.servlet.ServletRegistrationBean : Servlet dispatcherServlet mapped to [/]
2018-11-13 09:54:05,901 INFO  [main] org.springframework.boot.web.servlet.FilterRegistrationBean : Mapping filter: 'characterEncodingFilter' to: [/*]
2018-11-13 09:54:05,902 INFO  [main] org.springframework.boot.web.servlet.FilterRegistrationBean : Mapping filter: 'hiddenHttpMethodFilter' to: [/*]
2018-11-13 09:54:05,902 INFO  [main] org.springframework.boot.web.servlet.FilterRegistrationBean : Mapping filter: 'formContentFilter' to: [/*]
2018-11-13 09:54:05,902 INFO  [main] org.springframework.boot.web.servlet.FilterRegistrationBean : Mapping filter: 'requestContextFilter' to: [/*]
2018-11-13 09:54:06,198 INFO  [main] org.springframework.scheduling.concurrent.ThreadPoolTaskExecutor : Initializing ExecutorService 'applicationTaskExecutor'
2018-11-13 09:54:06,520 INFO  [main] org.springframework.boot.web.embedded.tomcat.TomcatWebServer : Tomcat started on port(s): 8080 (http) with context path ''
2018-11-13 09:54:06,525 INFO  [main] com.stackroute.RegistrationApplication : Started RegistrationApplication in 3.451 seconds (JVM running for 4.056)
2018-11-13 09:55:03,568 INFO  [main] com.stackroute.RegistrationApplication : Starting RegistrationApplication on DESKTOP-KQNNCEO with PID 7772 (C:\Users\Ram\Desktop\RegistrationService\target\classes started by Ram in C:\Users\Ram\Desktop\RegistrationService)
2018-11-13 09:55:03,573 DEBUG [main] com.stackroute.RegistrationApplication : Running with Spring Boot v2.1.0.RELEASE, Spring v5.1.2.RELEASE
2018-11-13 09:55:03,576 INFO  [main] com.stackroute.RegistrationApplication : No active profile set, falling back to default profiles: default
2018-11-13 09:55:05,113 INFO  [main] org.springframework.context.support.PostProcessorRegistrationDelegate$BeanPostProcessorChecker : Bean 'org.springframework.kafka.annotation.KafkaBootstrapConfiguration' of type [org.springframework.kafka.annotation.KafkaBootstrapConfiguration$$EnhancerBySpringCGLIB$$773baaf0] is not eligible for getting processed by all BeanPostProcessors (for example: not eligible for auto-proxying)
2018-11-13 09:55:05,741 INFO  [main] org.springframework.boot.web.embedded.tomcat.TomcatWebServer : Tomcat initialized with port(s): 8080 (http)
2018-11-13 09:55:05,767 INFO  [main] org.apache.catalina.core.StandardService : Starting service [Tomcat]
2018-11-13 09:55:05,767 INFO  [main] org.apache.catalina.core.StandardEngine : Starting Servlet Engine: Apache Tomcat/9.0.12
2018-11-13 09:55:05,780 INFO  [main] org.apache.catalina.core.AprLifecycleListener : The APR based Apache Tomcat Native library which allows optimal performance in production environments was not found on the java.library.path: [C:\Program Files\Java\jdk-10.0.2\bin;C:\WINDOWS\Sun\Java\bin;C:\WINDOWS\system32;C:\WINDOWS;.;C:\Program Files\Java\jdk-10.0.2\bin;C:\Program Files\MySQL\MySQL Server 8.0\bin\bin...;C:\Program Files\MySQL\MySQL Server 8.0\bin;C:\Ruby24-x64\bin;C:\Users\Ram\AppData\Local\Microsoft\WindowsApps;C:\Users\Ram\AppData\Local\Programs\Microsoft VS Code\bin;C:\Users\Ram\AppData\Roaming\npm;C:\Program Files\MongoDB\Server\4.0\bin;C:\Program Files\nodejs;;C:\Program Files\Docker Toolbox;.]
2018-11-13 09:55:05,912 INFO  [main] org.apache.catalina.core.ContainerBase.[Tomcat].[localhost].[/] : Initializing Spring embedded WebApplicationContext
2018-11-13 09:55:05,913 INFO  [main] org.springframework.web.context.ContextLoader : Root WebApplicationContext: initialization completed in 2222 ms
2018-11-13 09:55:05,948 INFO  [main] org.springframework.boot.web.servlet.ServletRegistrationBean : Servlet dispatcherServlet mapped to [/]
2018-11-13 09:55:05,956 INFO  [main] org.springframework.boot.web.servlet.FilterRegistrationBean : Mapping filter: 'characterEncodingFilter' to: [/*]
2018-11-13 09:55:05,958 INFO  [main] org.springframework.boot.web.servlet.FilterRegistrationBean : Mapping filter: 'hiddenHttpMethodFilter' to: [/*]
2018-11-13 09:55:05,958 INFO  [main] org.springframework.boot.web.servlet.FilterRegistrationBean : Mapping filter: 'formContentFilter' to: [/*]
2018-11-13 09:55:05,958 INFO  [main] org.springframework.boot.web.servlet.FilterRegistrationBean : Mapping filter: 'requestContextFilter' to: [/*]
2018-11-13 09:55:06,271 INFO  [main] org.springframework.scheduling.concurrent.ThreadPoolTaskExecutor : Initializing ExecutorService 'applicationTaskExecutor'
2018-11-13 09:55:06,587 INFO  [main] org.springframework.boot.web.embedded.tomcat.TomcatWebServer : Tomcat started on port(s): 8080 (http) with context path ''
2018-11-13 09:55:06,594 INFO  [main] com.stackroute.RegistrationApplication : Started RegistrationApplication in 3.797 seconds (JVM running for 4.437)
2018-11-13 09:55:30,354 INFO  [http-nio-8080-exec-2] org.apache.catalina.core.ContainerBase.[Tomcat].[localhost].[/] : Initializing Spring DispatcherServlet 'dispatcherServlet'
2018-11-13 09:55:30,356 INFO  [http-nio-8080-exec-2] org.springframework.web.servlet.DispatcherServlet : Initializing Servlet 'dispatcherServlet'
2018-11-13 09:55:30,370 INFO  [http-nio-8080-exec-2] org.springframework.web.servlet.DispatcherServlet : Completed initialization in 13 ms
2018-11-13 09:55:30,629 INFO  [http-nio-8080-exec-2] org.apache.kafka.clients.producer.ProducerConfig : ProducerConfig values: 
	acks = 1
	batch.size = 16384
	bootstrap.servers = [172.23.239.245:9092]
	buffer.memory = 33554432
	client.id = 
	compression.type = none
	connections.max.idle.ms = 540000
	enable.idempotence = false
	interceptor.classes = []
	key.serializer = class org.apache.kafka.common.serialization.StringSerializer
	linger.ms = 0
	max.block.ms = 60000
	max.in.flight.requests.per.connection = 5
	max.request.size = 1048576
	metadata.max.age.ms = 300000
	metric.reporters = []
	metrics.num.samples = 2
	metrics.recording.level = INFO
	metrics.sample.window.ms = 30000
	partitioner.class = class org.apache.kafka.clients.producer.internals.DefaultPartitioner
	receive.buffer.bytes = 32768
	reconnect.backoff.max.ms = 1000
	reconnect.backoff.ms = 50
	request.timeout.ms = 30000
	retries = 0
	retry.backoff.ms = 100
	sasl.client.callback.handler.class = null
	sasl.jaas.config = null
	sasl.kerberos.kinit.cmd = /usr/bin/kinit
	sasl.kerberos.min.time.before.relogin = 60000
	sasl.kerberos.service.name = null
	sasl.kerberos.ticket.renew.jitter = 0.05
	sasl.kerberos.ticket.renew.window.factor = 0.8
	sasl.login.callback.handler.class = null
	sasl.login.class = null
	sasl.login.refresh.buffer.seconds = 300
	sasl.login.refresh.min.period.seconds = 60
	sasl.login.refresh.window.factor = 0.8
	sasl.login.refresh.window.jitter = 0.05
	sasl.mechanism = GSSAPI
	security.protocol = PLAINTEXT
	send.buffer.bytes = 131072
	ssl.cipher.suites = null
	ssl.enabled.protocols = [TLSv1.2, TLSv1.1, TLSv1]
	ssl.endpoint.identification.algorithm = https
	ssl.key.password = null
	ssl.keymanager.algorithm = SunX509
	ssl.keystore.location = null
	ssl.keystore.password = null
	ssl.keystore.type = JKS
	ssl.protocol = TLS
	ssl.provider = null
	ssl.secure.random.implementation = null
	ssl.trustmanager.algorithm = PKIX
	ssl.truststore.location = null
	ssl.truststore.password = null
	ssl.truststore.type = JKS
	transaction.timeout.ms = 60000
	transactional.id = null
	value.serializer = class org.springframework.kafka.support.serializer.JsonSerializer

2018-11-13 09:55:30,765 INFO  [http-nio-8080-exec-2] org.apache.kafka.common.utils.AppInfoParser : Kafka version : 2.0.0
2018-11-13 09:55:30,765 INFO  [http-nio-8080-exec-2] org.apache.kafka.common.utils.AppInfoParser : Kafka commitId : 3402a8361b734732
2018-11-13 09:55:31,163 INFO  [kafka-producer-network-thread | producer-1] org.apache.kafka.clients.Metadata : Cluster ID: B3xX6619QPuTT7uhBVQJrQ
2018-11-13 09:58:56,142 INFO  [main] com.stackroute.RegistrationApplication : Starting RegistrationApplication on DESKTOP-KQNNCEO with PID 1700 (C:\Users\Ram\Desktop\RegistrationService\target\classes started by Ram in C:\Users\Ram\Desktop\RegistrationService)
2018-11-13 09:58:56,147 DEBUG [main] com.stackroute.RegistrationApplication : Running with Spring Boot v2.1.0.RELEASE, Spring v5.1.2.RELEASE
2018-11-13 09:58:56,149 INFO  [main] com.stackroute.RegistrationApplication : No active profile set, falling back to default profiles: default
2018-11-13 09:58:57,793 INFO  [main] org.springframework.context.support.PostProcessorRegistrationDelegate$BeanPostProcessorChecker : Bean 'org.springframework.kafka.annotation.KafkaBootstrapConfiguration' of type [org.springframework.kafka.annotation.KafkaBootstrapConfiguration$$EnhancerBySpringCGLIB$$365c8cce] is not eligible for getting processed by all BeanPostProcessors (for example: not eligible for auto-proxying)
2018-11-13 09:58:58,347 INFO  [main] org.springframework.boot.web.embedded.tomcat.TomcatWebServer : Tomcat initialized with port(s): 8080 (http)
2018-11-13 09:58:58,377 INFO  [main] org.apache.catalina.core.StandardService : Starting service [Tomcat]
2018-11-13 09:58:58,377 INFO  [main] org.apache.catalina.core.StandardEngine : Starting Servlet Engine: Apache Tomcat/9.0.12
2018-11-13 09:58:58,391 INFO  [main] org.apache.catalina.core.AprLifecycleListener : The APR based Apache Tomcat Native library which allows optimal performance in production environments was not found on the java.library.path: [C:\Program Files\Java\jdk-10.0.2\bin;C:\WINDOWS\Sun\Java\bin;C:\WINDOWS\system32;C:\WINDOWS;.;C:\Program Files\Java\jdk-10.0.2\bin;C:\Program Files\MySQL\MySQL Server 8.0\bin\bin...;C:\Program Files\MySQL\MySQL Server 8.0\bin;C:\Ruby24-x64\bin;C:\Users\Ram\AppData\Local\Microsoft\WindowsApps;C:\Users\Ram\AppData\Local\Programs\Microsoft VS Code\bin;C:\Users\Ram\AppData\Roaming\npm;C:\Program Files\MongoDB\Server\4.0\bin;C:\Program Files\nodejs;;C:\Program Files\Docker Toolbox;.]
2018-11-13 09:58:58,508 INFO  [main] org.apache.catalina.core.ContainerBase.[Tomcat].[localhost].[/] : Initializing Spring embedded WebApplicationContext
2018-11-13 09:58:58,508 INFO  [main] org.springframework.web.context.ContextLoader : Root WebApplicationContext: initialization completed in 2267 ms
2018-11-13 09:58:58,539 INFO  [main] org.springframework.boot.web.servlet.ServletRegistrationBean : Servlet dispatcherServlet mapped to [/]
2018-11-13 09:58:58,544 INFO  [main] org.springframework.boot.web.servlet.FilterRegistrationBean : Mapping filter: 'characterEncodingFilter' to: [/*]
2018-11-13 09:58:58,546 INFO  [main] org.springframework.boot.web.servlet.FilterRegistrationBean : Mapping filter: 'hiddenHttpMethodFilter' to: [/*]
2018-11-13 09:58:58,546 INFO  [main] org.springframework.boot.web.servlet.FilterRegistrationBean : Mapping filter: 'formContentFilter' to: [/*]
2018-11-13 09:58:58,546 INFO  [main] org.springframework.boot.web.servlet.FilterRegistrationBean : Mapping filter: 'requestContextFilter' to: [/*]
2018-11-13 09:58:58,867 INFO  [main] org.springframework.scheduling.concurrent.ThreadPoolTaskExecutor : Initializing ExecutorService 'applicationTaskExecutor'
2018-11-13 09:58:59,225 INFO  [main] org.springframework.boot.web.embedded.tomcat.TomcatWebServer : Tomcat started on port(s): 8080 (http) with context path ''
2018-11-13 09:58:59,230 INFO  [main] com.stackroute.RegistrationApplication : Started RegistrationApplication in 3.839 seconds (JVM running for 4.559)
2018-11-13 09:59:08,671 INFO  [http-nio-8080-exec-1] org.apache.catalina.core.ContainerBase.[Tomcat].[localhost].[/] : Initializing Spring DispatcherServlet 'dispatcherServlet'
2018-11-13 09:59:08,672 INFO  [http-nio-8080-exec-1] org.springframework.web.servlet.DispatcherServlet : Initializing Servlet 'dispatcherServlet'
2018-11-13 09:59:08,682 INFO  [http-nio-8080-exec-1] org.springframework.web.servlet.DispatcherServlet : Completed initialization in 9 ms
2018-11-13 09:59:08,829 INFO  [http-nio-8080-exec-1] org.apache.kafka.clients.producer.ProducerConfig : ProducerConfig values: 
	acks = 1
	batch.size = 16384
	bootstrap.servers = [172.23.239.245:9092]
	buffer.memory = 33554432
	client.id = 
	compression.type = none
	connections.max.idle.ms = 540000
	enable.idempotence = false
	interceptor.classes = []
	key.serializer = class org.apache.kafka.common.serialization.StringSerializer
	linger.ms = 0
	max.block.ms = 60000
	max.in.flight.requests.per.connection = 5
	max.request.size = 1048576
	metadata.max.age.ms = 300000
	metric.reporters = []
	metrics.num.samples = 2
	metrics.recording.level = INFO
	metrics.sample.window.ms = 30000
	partitioner.class = class org.apache.kafka.clients.producer.internals.DefaultPartitioner
	receive.buffer.bytes = 32768
	reconnect.backoff.max.ms = 1000
	reconnect.backoff.ms = 50
	request.timeout.ms = 30000
	retries = 0
	retry.backoff.ms = 100
	sasl.client.callback.handler.class = null
	sasl.jaas.config = null
	sasl.kerberos.kinit.cmd = /usr/bin/kinit
	sasl.kerberos.min.time.before.relogin = 60000
	sasl.kerberos.service.name = null
	sasl.kerberos.ticket.renew.jitter = 0.05
	sasl.kerberos.ticket.renew.window.factor = 0.8
	sasl.login.callback.handler.class = null
	sasl.login.class = null
	sasl.login.refresh.buffer.seconds = 300
	sasl.login.refresh.min.period.seconds = 60
	sasl.login.refresh.window.factor = 0.8
	sasl.login.refresh.window.jitter = 0.05
	sasl.mechanism = GSSAPI
	security.protocol = PLAINTEXT
	send.buffer.bytes = 131072
	ssl.cipher.suites = null
	ssl.enabled.protocols = [TLSv1.2, TLSv1.1, TLSv1]
	ssl.endpoint.identification.algorithm = https
	ssl.key.password = null
	ssl.keymanager.algorithm = SunX509
	ssl.keystore.location = null
	ssl.keystore.password = null
	ssl.keystore.type = JKS
	ssl.protocol = TLS
	ssl.provider = null
	ssl.secure.random.implementation = null
	ssl.trustmanager.algorithm = PKIX
	ssl.truststore.location = null
	ssl.truststore.password = null
	ssl.truststore.type = JKS
	transaction.timeout.ms = 60000
	transactional.id = null
	value.serializer = class org.springframework.kafka.support.serializer.JsonSerializer

2018-11-13 09:59:08,883 INFO  [http-nio-8080-exec-1] org.apache.kafka.common.utils.AppInfoParser : Kafka version : 2.0.0
2018-11-13 09:59:08,883 INFO  [http-nio-8080-exec-1] org.apache.kafka.common.utils.AppInfoParser : Kafka commitId : 3402a8361b734732
2018-11-13 09:59:09,240 WARN  [kafka-producer-network-thread | producer-1] org.apache.kafka.clients.NetworkClient : [Producer clientId=producer-1] Error while fetching metadata with correlation id 2 : {user=LEADER_NOT_AVAILABLE}
2018-11-13 09:59:09,241 INFO  [kafka-producer-network-thread | producer-1] org.apache.kafka.clients.Metadata : Cluster ID: QOUuuH_1RA6pwztjKrf4iw
2018-11-13 09:59:10,348 WARN  [kafka-producer-network-thread | producer-1] org.apache.kafka.clients.NetworkClient : [Producer clientId=producer-1] Connection to node 1001 could not be established. Broker may not be available.
2018-11-13 09:59:11,405 WARN  [kafka-producer-network-thread | producer-1] org.apache.kafka.clients.NetworkClient : [Producer clientId=producer-1] Connection to node 1001 could not be established. Broker may not be available.
2018-11-13 09:59:12,571 WARN  [kafka-producer-network-thread | producer-1] org.apache.kafka.clients.NetworkClient : [Producer clientId=producer-1] Connection to node 1001 could not be established. Broker may not be available.
2018-11-13 09:59:13,779 WARN  [kafka-producer-network-thread | producer-1] org.apache.kafka.clients.NetworkClient : [Producer clientId=producer-1] Connection to node 1001 could not be established. Broker may not be available.
2018-11-13 09:59:15,238 WARN  [kafka-producer-network-thread | producer-1] org.apache.kafka.clients.NetworkClient : [Producer clientId=producer-1] Connection to node 1001 could not be established. Broker may not be available.
2018-11-13 09:59:17,000 WARN  [kafka-producer-network-thread | producer-1] org.apache.kafka.clients.NetworkClient : [Producer clientId=producer-1] Connection to node 1001 could not be established. Broker may not be available.
2018-11-13 09:59:19,165 WARN  [kafka-producer-network-thread | producer-1] org.apache.kafka.clients.NetworkClient : [Producer clientId=producer-1] Connection to node 1001 could not be established. Broker may not be available.
2018-11-13 09:59:21,080 WARN  [kafka-producer-network-thread | producer-1] org.apache.kafka.clients.NetworkClient : [Producer clientId=producer-1] Connection to node 1001 could not be established. Broker may not be available.
2018-11-13 09:59:23,148 WARN  [kafka-producer-network-thread | producer-1] org.apache.kafka.clients.NetworkClient : [Producer clientId=producer-1] Connection to node 1001 could not be established. Broker may not be available.
2018-11-13 09:59:25,316 WARN  [kafka-producer-network-thread | producer-1] org.apache.kafka.clients.NetworkClient : [Producer clientId=producer-1] Connection to node 1001 could not be established. Broker may not be available.
2018-11-13 09:59:27,190 WARN  [kafka-producer-network-thread | producer-1] org.apache.kafka.clients.NetworkClient : [Producer clientId=producer-1] Connection to node 1001 could not be established. Broker may not be available.
2018-11-13 09:59:29,361 WARN  [kafka-producer-network-thread | producer-1] org.apache.kafka.clients.NetworkClient : [Producer clientId=producer-1] Connection to node 1001 could not be established. Broker may not be available.
2018-11-13 09:59:31,227 WARN  [kafka-producer-network-thread | producer-1] org.apache.kafka.clients.NetworkClient : [Producer clientId=producer-1] Connection to node 1001 could not be established. Broker may not be available.
2018-11-13 09:59:33,294 WARN  [kafka-producer-network-thread | producer-1] org.apache.kafka.clients.NetworkClient : [Producer clientId=producer-1] Connection to node 1001 could not be established. Broker may not be available.
2018-11-13 09:59:35,260 WARN  [kafka-producer-network-thread | producer-1] org.apache.kafka.clients.NetworkClient : [Producer clientId=producer-1] Connection to node 1001 could not be established. Broker may not be available.
2018-11-13 09:59:37,182 WARN  [kafka-producer-network-thread | producer-1] org.apache.kafka.clients.NetworkClient : [Producer clientId=producer-1] Connection to node 1001 could not be established. Broker may not be available.
2018-11-13 09:59:39,047 WARN  [kafka-producer-network-thread | producer-1] org.apache.kafka.clients.NetworkClient : [Producer clientId=producer-1] Connection to node 1001 could not be established. Broker may not be available.
2018-11-13 09:59:41,016 WARN  [kafka-producer-network-thread | producer-1] org.apache.kafka.clients.NetworkClient : [Producer clientId=producer-1] Connection to node 1001 could not be established. Broker may not be available.
2018-11-13 09:59:42,982 WARN  [kafka-producer-network-thread | producer-1] org.apache.kafka.clients.NetworkClient : [Producer clientId=producer-1] Connection to node 1001 could not be established. Broker may not be available.
2018-11-13 09:59:45,048 WARN  [kafka-producer-network-thread | producer-1] org.apache.kafka.clients.NetworkClient : [Producer clientId=producer-1] Connection to node 1001 could not be established. Broker may not be available.
2018-11-13 09:59:47,265 WARN  [kafka-producer-network-thread | producer-1] org.apache.kafka.clients.NetworkClient : [Producer clientId=producer-1] Connection to node 1001 could not be established. Broker may not be available.
2018-11-13 09:59:49,479 WARN  [kafka-producer-network-thread | producer-1] org.apache.kafka.clients.NetworkClient : [Producer clientId=producer-1] Connection to node 1001 could not be established. Broker may not be available.
2018-11-13 09:59:51,395 WARN  [kafka-producer-network-thread | producer-1] org.apache.kafka.clients.NetworkClient : [Producer clientId=producer-1] Connection to node 1001 could not be established. Broker may not be available.
2018-11-13 09:59:53,362 WARN  [kafka-producer-network-thread | producer-1] org.apache.kafka.clients.NetworkClient : [Producer clientId=producer-1] Connection to node 1001 could not be established. Broker may not be available.
2018-11-13 09:59:55,527 WARN  [kafka-producer-network-thread | producer-1] org.apache.kafka.clients.NetworkClient : [Producer clientId=producer-1] Connection to node 1001 could not be established. Broker may not be available.
2018-11-13 09:59:57,593 WARN  [kafka-producer-network-thread | producer-1] org.apache.kafka.clients.NetworkClient : [Producer clientId=producer-1] Connection to node 1001 could not be established. Broker may not be available.
2018-11-13 09:59:59,457 WARN  [kafka-producer-network-thread | producer-1] org.apache.kafka.clients.NetworkClient : [Producer clientId=producer-1] Connection to node 1001 could not be established. Broker may not be available.
2018-11-13 10:00:01,422 WARN  [kafka-producer-network-thread | producer-1] org.apache.kafka.clients.NetworkClient : [Producer clientId=producer-1] Connection to node 1001 could not be established. Broker may not be available.
2018-11-13 10:00:03,436 WARN  [kafka-producer-network-thread | producer-1] org.apache.kafka.clients.NetworkClient : [Producer clientId=producer-1] Connection to node 1001 could not be established. Broker may not be available.
2018-11-13 10:00:05,603 WARN  [kafka-producer-network-thread | producer-1] org.apache.kafka.clients.NetworkClient : [Producer clientId=producer-1] Connection to node 1001 could not be established. Broker may not be available.
2018-11-13 10:00:07,669 WARN  [kafka-producer-network-thread | producer-1] org.apache.kafka.clients.NetworkClient : [Producer clientId=producer-1] Connection to node 1001 could not be established. Broker may not be available.
2018-11-13 10:00:08,908 ERROR [http-nio-8080-exec-1] org.springframework.kafka.support.LoggingProducerListener : Exception thrown when sending a message with key='null' and payload='User{email='r@r.r', name='rrrrrrrrrrrrrrrrr', password='hgfdhjhgghg'}' to topic user:
org.apache.kafka.common.errors.TimeoutException: Failed to update metadata after 60000 ms.
2018-11-13 10:00:09,737 WARN  [kafka-producer-network-thread | producer-1] org.apache.kafka.clients.NetworkClient : [Producer clientId=producer-1] Connection to node 1001 could not be established. Broker may not be available.
2018-11-13 10:00:11,854 WARN  [kafka-producer-network-thread | producer-1] org.apache.kafka.clients.NetworkClient : [Producer clientId=producer-1] Connection to node 1001 could not be established. Broker may not be available.
2018-11-13 10:00:13,819 WARN  [kafka-producer-network-thread | producer-1] org.apache.kafka.clients.NetworkClient : [Producer clientId=producer-1] Connection to node 1001 could not be established. Broker may not be available.
2018-11-13 10:00:15,785 WARN  [kafka-producer-network-thread | producer-1] org.apache.kafka.clients.NetworkClient : [Producer clientId=producer-1] Connection to node 1001 could not be established. Broker may not be available.
2018-11-13 10:00:17,650 WARN  [kafka-producer-network-thread | producer-1] org.apache.kafka.clients.NetworkClient : [Producer clientId=producer-1] Connection to node 1001 could not be established. Broker may not be available.
2018-11-13 10:00:19,863 WARN  [kafka-producer-network-thread | producer-1] org.apache.kafka.clients.NetworkClient : [Producer clientId=producer-1] Connection to node 1001 could not be established. Broker may not be available.
2018-11-13 10:00:21,931 WARN  [kafka-producer-network-thread | producer-1] org.apache.kafka.clients.NetworkClient : [Producer clientId=producer-1] Connection to node 1001 could not be established. Broker may not be available.
2018-11-13 10:00:23,796 WARN  [kafka-producer-network-thread | producer-1] org.apache.kafka.clients.NetworkClient : [Producer clientId=producer-1] Connection to node 1001 could not be established. Broker may not be available.
2018-11-13 10:00:25,910 WARN  [kafka-producer-network-thread | producer-1] org.apache.kafka.clients.NetworkClient : [Producer clientId=producer-1] Connection to node 1001 could not be established. Broker may not be available.
2018-11-13 10:00:28,023 WARN  [kafka-producer-network-thread | producer-1] org.apache.kafka.clients.NetworkClient : [Producer clientId=producer-1] Connection to node 1001 could not be established. Broker may not be available.
2018-11-13 10:00:30,038 WARN  [kafka-producer-network-thread | producer-1] org.apache.kafka.clients.NetworkClient : [Producer clientId=producer-1] Connection to node 1001 could not be established. Broker may not be available.
2018-11-13 10:00:31,903 WARN  [kafka-producer-network-thread | producer-1] org.apache.kafka.clients.NetworkClient : [Producer clientId=producer-1] Connection to node 1001 could not be established. Broker may not be available.
2018-11-13 10:00:33,815 WARN  [kafka-producer-network-thread | producer-1] org.apache.kafka.clients.NetworkClient : [Producer clientId=producer-1] Connection to node 1001 could not be established. Broker may not be available.
2018-11-13 10:00:35,980 WARN  [kafka-producer-network-thread | producer-1] org.apache.kafka.clients.NetworkClient : [Producer clientId=producer-1] Connection to node 1001 could not be established. Broker may not be available.
2018-11-13 10:00:37,947 WARN  [kafka-producer-network-thread | producer-1] org.apache.kafka.clients.NetworkClient : [Producer clientId=producer-1] Connection to node 1001 could not be established. Broker may not be available.
2018-11-13 10:00:39,912 WARN  [kafka-producer-network-thread | producer-1] org.apache.kafka.clients.NetworkClient : [Producer clientId=producer-1] Connection to node 1001 could not be established. Broker may not be available.
2018-11-13 10:00:41,978 WARN  [kafka-producer-network-thread | producer-1] org.apache.kafka.clients.NetworkClient : [Producer clientId=producer-1] Connection to node 1001 could not be established. Broker may not be available.
2018-11-13 10:00:43,791 WARN  [kafka-producer-network-thread | producer-1] org.apache.kafka.clients.NetworkClient : [Producer clientId=producer-1] Connection to node 1001 could not be established. Broker may not be available.
2018-11-13 10:00:45,655 WARN  [kafka-producer-network-thread | producer-1] org.apache.kafka.clients.NetworkClient : [Producer clientId=producer-1] Connection to node 1001 could not be established. Broker may not be available.
2018-11-13 10:00:47,770 WARN  [kafka-producer-network-thread | producer-1] org.apache.kafka.clients.NetworkClient : [Producer clientId=producer-1] Connection to node 1001 could not be established. Broker may not be available.
2018-11-13 10:00:49,633 WARN  [kafka-producer-network-thread | producer-1] org.apache.kafka.clients.NetworkClient : [Producer clientId=producer-1] Connection to node 1001 could not be established. Broker may not be available.
2018-11-13 10:00:51,448 WARN  [kafka-producer-network-thread | producer-1] org.apache.kafka.clients.NetworkClient : [Producer clientId=producer-1] Connection to node 1001 could not be established. Broker may not be available.
2018-11-13 10:00:53,668 WARN  [kafka-producer-network-thread | producer-1] org.apache.kafka.clients.NetworkClient : [Producer clientId=producer-1] Connection to node 1001 could not be established. Broker may not be available.
2018-11-13 10:00:55,838 WARN  [kafka-producer-network-thread | producer-1] org.apache.kafka.clients.NetworkClient : [Producer clientId=producer-1] Connection to node 1001 could not be established. Broker may not be available.
2018-11-13 10:00:57,856 WARN  [kafka-producer-network-thread | producer-1] org.apache.kafka.clients.NetworkClient : [Producer clientId=producer-1] Connection to node 1001 could not be established. Broker may not be available.
2018-11-13 10:00:59,771 WARN  [kafka-producer-network-thread | producer-1] org.apache.kafka.clients.NetworkClient : [Producer clientId=producer-1] Connection to node 1001 could not be established. Broker may not be available.
2018-11-13 10:01:01,791 WARN  [kafka-producer-network-thread | producer-1] org.apache.kafka.clients.NetworkClient : [Producer clientId=producer-1] Connection to node 1001 could not be established. Broker may not be available.
2018-11-13 10:01:03,710 WARN  [kafka-producer-network-thread | producer-1] org.apache.kafka.clients.NetworkClient : [Producer clientId=producer-1] Connection to node 1001 could not be established. Broker may not be available.
2018-11-13 10:01:05,928 WARN  [kafka-producer-network-thread | producer-1] org.apache.kafka.clients.NetworkClient : [Producer clientId=producer-1] Connection to node 1001 could not be established. Broker may not be available.
2018-11-13 10:01:07,793 WARN  [kafka-producer-network-thread | producer-1] org.apache.kafka.clients.NetworkClient : [Producer clientId=producer-1] Connection to node 1001 could not be established. Broker may not be available.
2018-11-13 10:01:09,910 WARN  [kafka-producer-network-thread | producer-1] org.apache.kafka.clients.NetworkClient : [Producer clientId=producer-1] Connection to node 1001 could not be established. Broker may not be available.
2018-11-13 10:01:12,034 WARN  [kafka-producer-network-thread | producer-1] org.apache.kafka.clients.NetworkClient : [Producer clientId=producer-1] Connection to node 1001 could not be established. Broker may not be available.
2018-11-13 10:01:13,997 WARN  [kafka-producer-network-thread | producer-1] org.apache.kafka.clients.NetworkClient : [Producer clientId=producer-1] Connection to node 1001 could not be established. Broker may not be available.
2018-11-13 10:01:15,963 WARN  [kafka-producer-network-thread | producer-1] org.apache.kafka.clients.NetworkClient : [Producer clientId=producer-1] Connection to node 1001 could not be established. Broker may not be available.
2018-11-13 10:01:17,980 WARN  [kafka-producer-network-thread | producer-1] org.apache.kafka.clients.NetworkClient : [Producer clientId=producer-1] Connection to node 1001 could not be established. Broker may not be available.
2018-11-13 10:01:19,893 WARN  [kafka-producer-network-thread | producer-1] org.apache.kafka.clients.NetworkClient : [Producer clientId=producer-1] Connection to node 1001 could not be established. Broker may not be available.
2018-11-13 10:01:21,960 WARN  [kafka-producer-network-thread | producer-1] org.apache.kafka.clients.NetworkClient : [Producer clientId=producer-1] Connection to node 1001 could not be established. Broker may not be available.
2018-11-13 10:01:24,130 WARN  [kafka-producer-network-thread | producer-1] org.apache.kafka.clients.NetworkClient : [Producer clientId=producer-1] Connection to node 1001 could not be established. Broker may not be available.
2018-11-13 10:01:26,145 WARN  [kafka-producer-network-thread | producer-1] org.apache.kafka.clients.NetworkClient : [Producer clientId=producer-1] Connection to node 1001 could not be established. Broker may not be available.
2018-11-13 10:01:28,007 WARN  [kafka-producer-network-thread | producer-1] org.apache.kafka.clients.NetworkClient : [Producer clientId=producer-1] Connection to node 1001 could not be established. Broker may not be available.
2018-11-13 10:01:30,174 WARN  [kafka-producer-network-thread | producer-1] org.apache.kafka.clients.NetworkClient : [Producer clientId=producer-1] Connection to node 1001 could not be established. Broker may not be available.
2018-11-13 10:01:32,243 WARN  [kafka-producer-network-thread | producer-1] org.apache.kafka.clients.NetworkClient : [Producer clientId=producer-1] Connection to node 1001 could not be established. Broker may not be available.
2018-11-13 10:01:34,207 WARN  [kafka-producer-network-thread | producer-1] org.apache.kafka.clients.NetworkClient : [Producer clientId=producer-1] Connection to node 1001 could not be established. Broker may not be available.
2018-11-13 10:01:36,118 WARN  [kafka-producer-network-thread | producer-1] org.apache.kafka.clients.NetworkClient : [Producer clientId=producer-1] Connection to node 1001 could not be established. Broker may not be available.
2018-11-13 10:01:38,184 WARN  [kafka-producer-network-thread | producer-1] org.apache.kafka.clients.NetworkClient : [Producer clientId=producer-1] Connection to node 1001 could not be established. Broker may not be available.
2018-11-13 10:01:40,200 WARN  [kafka-producer-network-thread | producer-1] org.apache.kafka.clients.NetworkClient : [Producer clientId=producer-1] Connection to node 1001 could not be established. Broker may not be available.
2018-11-13 10:01:42,171 WARN  [kafka-producer-network-thread | producer-1] org.apache.kafka.clients.NetworkClient : [Producer clientId=producer-1] Connection to node 1001 could not be established. Broker may not be available.
2018-11-13 10:01:44,189 WARN  [kafka-producer-network-thread | producer-1] org.apache.kafka.clients.NetworkClient : [Producer clientId=producer-1] Connection to node 1001 could not be established. Broker may not be available.
2018-11-13 10:01:46,122 WARN  [kafka-producer-network-thread | producer-1] org.apache.kafka.clients.NetworkClient : [Producer clientId=producer-1] Connection to node 1001 could not be established. Broker may not be available.
2018-11-13 10:01:48,084 WARN  [kafka-producer-network-thread | producer-1] org.apache.kafka.clients.NetworkClient : [Producer clientId=producer-1] Connection to node 1001 could not be established. Broker may not be available.
2018-11-13 10:01:50,154 WARN  [kafka-producer-network-thread | producer-1] org.apache.kafka.clients.NetworkClient : [Producer clientId=producer-1] Connection to node 1001 could not be established. Broker may not be available.
2018-11-13 10:01:52,372 WARN  [kafka-producer-network-thread | producer-1] org.apache.kafka.clients.NetworkClient : [Producer clientId=producer-1] Connection to node 1001 could not be established. Broker may not be available.
2018-11-13 10:01:54,339 WARN  [kafka-producer-network-thread | producer-1] org.apache.kafka.clients.NetworkClient : [Producer clientId=producer-1] Connection to node 1001 could not be established. Broker may not be available.
2018-11-13 10:01:56,254 WARN  [kafka-producer-network-thread | producer-1] org.apache.kafka.clients.NetworkClient : [Producer clientId=producer-1] Connection to node 1001 could not be established. Broker may not be available.
2018-11-13 10:01:58,369 WARN  [kafka-producer-network-thread | producer-1] org.apache.kafka.clients.NetworkClient : [Producer clientId=producer-1] Connection to node 1001 could not be established. Broker may not be available.
2018-11-13 10:02:00,231 WARN  [kafka-producer-network-thread | producer-1] org.apache.kafka.clients.NetworkClient : [Producer clientId=producer-1] Connection to node 1001 could not be established. Broker may not be available.
2018-11-13 10:02:02,302 WARN  [kafka-producer-network-thread | producer-1] org.apache.kafka.clients.NetworkClient : [Producer clientId=producer-1] Connection to node 1001 could not be established. Broker may not be available.
2018-11-13 10:02:04,268 WARN  [kafka-producer-network-thread | producer-1] org.apache.kafka.clients.NetworkClient : [Producer clientId=producer-1] Connection to node 1001 could not be established. Broker may not be available.
2018-11-13 10:02:06,233 WARN  [kafka-producer-network-thread | producer-1] org.apache.kafka.clients.NetworkClient : [Producer clientId=producer-1] Connection to node 1001 could not be established. Broker may not be available.
2018-11-13 10:02:08,298 WARN  [kafka-producer-network-thread | producer-1] org.apache.kafka.clients.NetworkClient : [Producer clientId=producer-1] Connection to node 1001 could not be established. Broker may not be available.
2018-11-13 10:02:10,516 WARN  [kafka-producer-network-thread | producer-1] org.apache.kafka.clients.NetworkClient : [Producer clientId=producer-1] Connection to node 1001 could not be established. Broker may not be available.
2018-11-13 10:02:12,485 WARN  [kafka-producer-network-thread | producer-1] org.apache.kafka.clients.NetworkClient : [Producer clientId=producer-1] Connection to node 1001 could not be established. Broker may not be available.
2018-11-13 10:02:14,650 WARN  [kafka-producer-network-thread | producer-1] org.apache.kafka.clients.NetworkClient : [Producer clientId=producer-1] Connection to node 1001 could not be established. Broker may not be available.
2018-11-13 10:02:16,615 WARN  [kafka-producer-network-thread | producer-1] org.apache.kafka.clients.NetworkClient : [Producer clientId=producer-1] Connection to node 1001 could not be established. Broker may not be available.
2018-11-13 10:02:18,734 WARN  [kafka-producer-network-thread | producer-1] org.apache.kafka.clients.NetworkClient : [Producer clientId=producer-1] Connection to node 1001 could not be established. Broker may not be available.
2018-11-13 10:02:20,849 WARN  [kafka-producer-network-thread | producer-1] org.apache.kafka.clients.NetworkClient : [Producer clientId=producer-1] Connection to node 1001 could not be established. Broker may not be available.
2018-11-13 10:02:23,015 WARN  [kafka-producer-network-thread | producer-1] org.apache.kafka.clients.NetworkClient : [Producer clientId=producer-1] Connection to node 1001 could not be established. Broker may not be available.
2018-11-13 10:02:25,236 WARN  [kafka-producer-network-thread | producer-1] org.apache.kafka.clients.NetworkClient : [Producer clientId=producer-1] Connection to node 1001 could not be established. Broker may not be available.
2018-11-13 10:02:27,150 WARN  [kafka-producer-network-thread | producer-1] org.apache.kafka.clients.NetworkClient : [Producer clientId=producer-1] Connection to node 1001 could not be established. Broker may not be available.
2018-11-13 10:02:29,065 WARN  [kafka-producer-network-thread | producer-1] org.apache.kafka.clients.NetworkClient : [Producer clientId=producer-1] Connection to node 1001 could not be established. Broker may not be available.
2018-11-13 10:02:31,184 WARN  [kafka-producer-network-thread | producer-1] org.apache.kafka.clients.NetworkClient : [Producer clientId=producer-1] Connection to node 1001 could not be established. Broker may not be available.
2018-11-13 10:02:33,203 WARN  [kafka-producer-network-thread | producer-1] org.apache.kafka.clients.NetworkClient : [Producer clientId=producer-1] Connection to node 1001 could not be established. Broker may not be available.
2018-11-13 10:02:35,219 WARN  [kafka-producer-network-thread | producer-1] org.apache.kafka.clients.NetworkClient : [Producer clientId=producer-1] Connection to node 1001 could not be established. Broker may not be available.
2018-11-13 10:02:37,339 WARN  [kafka-producer-network-thread | producer-1] org.apache.kafka.clients.NetworkClient : [Producer clientId=producer-1] Connection to node 1001 could not be established. Broker may not be available.
2018-11-13 10:02:39,250 WARN  [kafka-producer-network-thread | producer-1] org.apache.kafka.clients.NetworkClient : [Producer clientId=producer-1] Connection to node 1001 could not be established. Broker may not be available.
2018-11-13 10:02:41,117 WARN  [kafka-producer-network-thread | producer-1] org.apache.kafka.clients.NetworkClient : [Producer clientId=producer-1] Connection to node 1001 could not be established. Broker may not be available.
2018-11-13 10:02:43,136 WARN  [kafka-producer-network-thread | producer-1] org.apache.kafka.clients.NetworkClient : [Producer clientId=producer-1] Connection to node 1001 could not be established. Broker may not be available.
2018-11-13 10:02:45,154 WARN  [kafka-producer-network-thread | producer-1] org.apache.kafka.clients.NetworkClient : [Producer clientId=producer-1] Connection to node 1001 could not be established. Broker may not be available.
2018-11-13 10:02:47,023 WARN  [kafka-producer-network-thread | producer-1] org.apache.kafka.clients.NetworkClient : [Producer clientId=producer-1] Connection to node 1001 could not be established. Broker may not be available.
2018-11-13 10:02:49,090 WARN  [kafka-producer-network-thread | producer-1] org.apache.kafka.clients.NetworkClient : [Producer clientId=producer-1] Connection to node 1001 could not be established. Broker may not be available.
2018-11-13 10:02:51,254 WARN  [kafka-producer-network-thread | producer-1] org.apache.kafka.clients.NetworkClient : [Producer clientId=producer-1] Connection to node 1001 could not be established. Broker may not be available.
2018-11-13 10:02:53,265 WARN  [kafka-producer-network-thread | producer-1] org.apache.kafka.clients.NetworkClient : [Producer clientId=producer-1] Connection to node 1001 could not be established. Broker may not be available.
2018-11-13 10:02:55,078 WARN  [kafka-producer-network-thread | producer-1] org.apache.kafka.clients.NetworkClient : [Producer clientId=producer-1] Connection to node 1001 could not be established. Broker may not be available.
2018-11-13 10:02:56,991 WARN  [kafka-producer-network-thread | producer-1] org.apache.kafka.clients.NetworkClient : [Producer clientId=producer-1] Connection to node 1001 could not be established. Broker may not be available.
2018-11-13 10:02:58,903 WARN  [kafka-producer-network-thread | producer-1] org.apache.kafka.clients.NetworkClient : [Producer clientId=producer-1] Connection to node 1001 could not be established. Broker may not be available.
2018-11-13 10:03:00,920 WARN  [kafka-producer-network-thread | producer-1] org.apache.kafka.clients.NetworkClient : [Producer clientId=producer-1] Connection to node 1001 could not be established. Broker may not be available.
2018-11-13 10:03:03,087 WARN  [kafka-producer-network-thread | producer-1] org.apache.kafka.clients.NetworkClient : [Producer clientId=producer-1] Connection to node 1001 could not be established. Broker may not be available.
2018-11-13 10:03:05,307 WARN  [kafka-producer-network-thread | producer-1] org.apache.kafka.clients.NetworkClient : [Producer clientId=producer-1] Connection to node 1001 could not be established. Broker may not be available.
2018-11-13 10:03:07,475 WARN  [kafka-producer-network-thread | producer-1] org.apache.kafka.clients.NetworkClient : [Producer clientId=producer-1] Connection to node 1001 could not be established. Broker may not be available.
2018-11-13 10:03:09,543 WARN  [kafka-producer-network-thread | producer-1] org.apache.kafka.clients.NetworkClient : [Producer clientId=producer-1] Connection to node 1001 could not be established. Broker may not be available.
2018-11-13 10:03:11,714 WARN  [kafka-producer-network-thread | producer-1] org.apache.kafka.clients.NetworkClient : [Producer clientId=producer-1] Connection to node 1001 could not be established. Broker may not be available.
2018-11-13 10:03:13,887 WARN  [kafka-producer-network-thread | producer-1] org.apache.kafka.clients.NetworkClient : [Producer clientId=producer-1] Connection to node 1001 could not be established. Broker may not be available.
2018-11-13 10:04:43,791 INFO  [main] com.stackroute.RegistrationApplication : Starting RegistrationApplication on DESKTOP-KQNNCEO with PID 15484 (C:\Users\Ram\Desktop\RegistrationService\target\classes started by Ram in C:\Users\Ram\Desktop\RegistrationService)
2018-11-13 10:04:43,795 DEBUG [main] com.stackroute.RegistrationApplication : Running with Spring Boot v2.1.0.RELEASE, Spring v5.1.2.RELEASE
2018-11-13 10:04:43,799 INFO  [main] com.stackroute.RegistrationApplication : No active profile set, falling back to default profiles: default
2018-11-13 10:04:45,331 INFO  [main] org.springframework.context.support.PostProcessorRegistrationDelegate$BeanPostProcessorChecker : Bean 'org.springframework.kafka.annotation.KafkaBootstrapConfiguration' of type [org.springframework.kafka.annotation.KafkaBootstrapConfiguration$$EnhancerBySpringCGLIB$$d60bbab4] is not eligible for getting processed by all BeanPostProcessors (for example: not eligible for auto-proxying)
2018-11-13 10:04:46,044 INFO  [main] org.springframework.boot.web.embedded.tomcat.TomcatWebServer : Tomcat initialized with port(s): 8080 (http)
2018-11-13 10:04:46,076 INFO  [main] org.apache.catalina.core.StandardService : Starting service [Tomcat]
2018-11-13 10:04:46,077 INFO  [main] org.apache.catalina.core.StandardEngine : Starting Servlet Engine: Apache Tomcat/9.0.12
2018-11-13 10:04:46,089 INFO  [main] org.apache.catalina.core.AprLifecycleListener : The APR based Apache Tomcat Native library which allows optimal performance in production environments was not found on the java.library.path: [C:\Program Files\Java\jdk-10.0.2\bin;C:\WINDOWS\Sun\Java\bin;C:\WINDOWS\system32;C:\WINDOWS;.;C:\Program Files\Java\jdk-10.0.2\bin;C:\Program Files\MySQL\MySQL Server 8.0\bin\bin...;C:\Program Files\MySQL\MySQL Server 8.0\bin;C:\Ruby24-x64\bin;C:\Users\Ram\AppData\Local\Microsoft\WindowsApps;C:\Users\Ram\AppData\Local\Programs\Microsoft VS Code\bin;C:\Users\Ram\AppData\Roaming\npm;C:\Program Files\MongoDB\Server\4.0\bin;C:\Program Files\nodejs;;C:\Program Files\Docker Toolbox;.]
2018-11-13 10:04:46,223 INFO  [main] org.apache.catalina.core.ContainerBase.[Tomcat].[localhost].[/] : Initializing Spring embedded WebApplicationContext
2018-11-13 10:04:46,223 INFO  [main] org.springframework.web.context.ContextLoader : Root WebApplicationContext: initialization completed in 2336 ms
2018-11-13 10:04:46,254 INFO  [main] org.springframework.boot.web.servlet.ServletRegistrationBean : Servlet dispatcherServlet mapped to [/]
2018-11-13 10:04:46,261 INFO  [main] org.springframework.boot.web.servlet.FilterRegistrationBean : Mapping filter: 'characterEncodingFilter' to: [/*]
2018-11-13 10:04:46,261 INFO  [main] org.springframework.boot.web.servlet.FilterRegistrationBean : Mapping filter: 'hiddenHttpMethodFilter' to: [/*]
2018-11-13 10:04:46,262 INFO  [main] org.springframework.boot.web.servlet.FilterRegistrationBean : Mapping filter: 'formContentFilter' to: [/*]
2018-11-13 10:04:46,262 INFO  [main] org.springframework.boot.web.servlet.FilterRegistrationBean : Mapping filter: 'requestContextFilter' to: [/*]
2018-11-13 10:04:46,585 INFO  [main] org.springframework.scheduling.concurrent.ThreadPoolTaskExecutor : Initializing ExecutorService 'applicationTaskExecutor'
2018-11-13 10:04:46,966 INFO  [main] org.springframework.boot.web.embedded.tomcat.TomcatWebServer : Tomcat started on port(s): 8080 (http) with context path ''
2018-11-13 10:04:46,971 INFO  [main] com.stackroute.RegistrationApplication : Started RegistrationApplication in 3.875 seconds (JVM running for 4.496)
2018-11-13 10:05:06,182 INFO  [http-nio-8080-exec-1] org.apache.catalina.core.ContainerBase.[Tomcat].[localhost].[/] : Initializing Spring DispatcherServlet 'dispatcherServlet'
2018-11-13 10:05:06,184 INFO  [http-nio-8080-exec-1] org.springframework.web.servlet.DispatcherServlet : Initializing Servlet 'dispatcherServlet'
2018-11-13 10:05:06,199 INFO  [http-nio-8080-exec-1] org.springframework.web.servlet.DispatcherServlet : Completed initialization in 14 ms
2018-11-13 10:05:06,452 INFO  [http-nio-8080-exec-1] org.apache.kafka.clients.producer.ProducerConfig : ProducerConfig values: 
	acks = 1
	batch.size = 16384
	bootstrap.servers = [172.23.239.245:9092]
	buffer.memory = 33554432
	client.id = 
	compression.type = none
	connections.max.idle.ms = 540000
	enable.idempotence = false
	interceptor.classes = []
	key.serializer = class org.apache.kafka.common.serialization.StringSerializer
	linger.ms = 0
	max.block.ms = 60000
	max.in.flight.requests.per.connection = 5
	max.request.size = 1048576
	metadata.max.age.ms = 300000
	metric.reporters = []
	metrics.num.samples = 2
	metrics.recording.level = INFO
	metrics.sample.window.ms = 30000
	partitioner.class = class org.apache.kafka.clients.producer.internals.DefaultPartitioner
	receive.buffer.bytes = 32768
	reconnect.backoff.max.ms = 1000
	reconnect.backoff.ms = 50
	request.timeout.ms = 30000
	retries = 0
	retry.backoff.ms = 100
	sasl.client.callback.handler.class = null
	sasl.jaas.config = null
	sasl.kerberos.kinit.cmd = /usr/bin/kinit
	sasl.kerberos.min.time.before.relogin = 60000
	sasl.kerberos.service.name = null
	sasl.kerberos.ticket.renew.jitter = 0.05
	sasl.kerberos.ticket.renew.window.factor = 0.8
	sasl.login.callback.handler.class = null
	sasl.login.class = null
	sasl.login.refresh.buffer.seconds = 300
	sasl.login.refresh.min.period.seconds = 60
	sasl.login.refresh.window.factor = 0.8
	sasl.login.refresh.window.jitter = 0.05
	sasl.mechanism = GSSAPI
	security.protocol = PLAINTEXT
	send.buffer.bytes = 131072
	ssl.cipher.suites = null
	ssl.enabled.protocols = [TLSv1.2, TLSv1.1, TLSv1]
	ssl.endpoint.identification.algorithm = https
	ssl.key.password = null
	ssl.keymanager.algorithm = SunX509
	ssl.keystore.location = null
	ssl.keystore.password = null
	ssl.keystore.type = JKS
	ssl.protocol = TLS
	ssl.provider = null
	ssl.secure.random.implementation = null
	ssl.trustmanager.algorithm = PKIX
	ssl.truststore.location = null
	ssl.truststore.password = null
	ssl.truststore.type = JKS
	transaction.timeout.ms = 60000
	transactional.id = null
	value.serializer = class org.springframework.kafka.support.serializer.JsonSerializer

2018-11-13 10:05:06,555 INFO  [http-nio-8080-exec-1] org.apache.kafka.common.utils.AppInfoParser : Kafka version : 2.0.0
2018-11-13 10:05:06,555 INFO  [http-nio-8080-exec-1] org.apache.kafka.common.utils.AppInfoParser : Kafka commitId : 3402a8361b734732
2018-11-13 10:05:06,977 WARN  [kafka-producer-network-thread | producer-1] org.apache.kafka.clients.NetworkClient : [Producer clientId=producer-1] Error while fetching metadata with correlation id 2 : {user=LEADER_NOT_AVAILABLE}
2018-11-13 10:05:06,978 INFO  [kafka-producer-network-thread | producer-1] org.apache.kafka.clients.Metadata : Cluster ID: RqBZ1A98TYeWDL6kSBnD3Q
2018-11-13 10:05:08,081 WARN  [kafka-producer-network-thread | producer-1] org.apache.kafka.clients.NetworkClient : [Producer clientId=producer-1] Connection to node 1001 could not be established. Broker may not be available.
2018-11-13 10:05:09,188 WARN  [kafka-producer-network-thread | producer-1] org.apache.kafka.clients.NetworkClient : [Producer clientId=producer-1] Connection to node 1001 could not be established. Broker may not be available.
2018-11-13 10:05:10,294 WARN  [kafka-producer-network-thread | producer-1] org.apache.kafka.clients.NetworkClient : [Producer clientId=producer-1] Connection to node 1001 could not be established. Broker may not be available.
2018-11-13 10:05:11,549 WARN  [kafka-producer-network-thread | producer-1] org.apache.kafka.clients.NetworkClient : [Producer clientId=producer-1] Connection to node 1001 could not be established. Broker may not be available.
2018-11-13 10:05:12,908 WARN  [kafka-producer-network-thread | producer-1] org.apache.kafka.clients.NetworkClient : [Producer clientId=producer-1] Connection to node 1001 could not be established. Broker may not be available.
2018-11-13 10:05:14,773 WARN  [kafka-producer-network-thread | producer-1] org.apache.kafka.clients.NetworkClient : [Producer clientId=producer-1] Connection to node 1001 could not be established. Broker may not be available.
2018-11-13 10:05:16,893 WARN  [kafka-producer-network-thread | producer-1] org.apache.kafka.clients.NetworkClient : [Producer clientId=producer-1] Connection to node 1001 could not be established. Broker may not be available.
2018-11-13 10:05:18,956 WARN  [kafka-producer-network-thread | producer-1] org.apache.kafka.clients.NetworkClient : [Producer clientId=producer-1] Connection to node 1001 could not be established. Broker may not be available.
2018-11-13 10:05:20,873 WARN  [kafka-producer-network-thread | producer-1] org.apache.kafka.clients.NetworkClient : [Producer clientId=producer-1] Connection to node 1001 could not be established. Broker may not be available.
2018-11-13 10:05:22,992 WARN  [kafka-producer-network-thread | producer-1] org.apache.kafka.clients.NetworkClient : [Producer clientId=producer-1] Connection to node 1001 could not be established. Broker may not be available.
2018-11-13 10:05:25,059 WARN  [kafka-producer-network-thread | producer-1] org.apache.kafka.clients.NetworkClient : [Producer clientId=producer-1] Connection to node 1001 could not be established. Broker may not be available.
2018-11-13 10:05:27,026 WARN  [kafka-producer-network-thread | producer-1] org.apache.kafka.clients.NetworkClient : [Producer clientId=producer-1] Connection to node 1001 could not be established. Broker may not be available.
2018-11-13 10:05:29,243 WARN  [kafka-producer-network-thread | producer-1] org.apache.kafka.clients.NetworkClient : [Producer clientId=producer-1] Connection to node 1001 could not be established. Broker may not be available.
2018-11-13 10:05:31,412 WARN  [kafka-producer-network-thread | producer-1] org.apache.kafka.clients.NetworkClient : [Producer clientId=producer-1] Connection to node 1001 could not be established. Broker may not be available.
2018-11-13 10:05:33,581 WARN  [kafka-producer-network-thread | producer-1] org.apache.kafka.clients.NetworkClient : [Producer clientId=producer-1] Connection to node 1001 could not be established. Broker may not be available.
2018-11-13 10:05:35,646 WARN  [kafka-producer-network-thread | producer-1] org.apache.kafka.clients.NetworkClient : [Producer clientId=producer-1] Connection to node 1001 could not be established. Broker may not be available.
2018-11-13 10:05:37,866 WARN  [kafka-producer-network-thread | producer-1] org.apache.kafka.clients.NetworkClient : [Producer clientId=producer-1] Connection to node 1001 could not be established. Broker may not be available.
2018-11-13 10:05:39,835 WARN  [kafka-producer-network-thread | producer-1] org.apache.kafka.clients.NetworkClient : [Producer clientId=producer-1] Connection to node 1001 could not be established. Broker may not be available.
2018-11-13 10:05:42,053 WARN  [kafka-producer-network-thread | producer-1] org.apache.kafka.clients.NetworkClient : [Producer clientId=producer-1] Connection to node 1001 could not be established. Broker may not be available.
2018-11-13 10:05:43,892 WARN  [kafka-producer-network-thread | producer-1] org.apache.kafka.clients.NetworkClient : [Producer clientId=producer-1] Connection to node 1001 could not be established. Broker may not be available.
2018-11-13 10:05:45,807 WARN  [kafka-producer-network-thread | producer-1] org.apache.kafka.clients.NetworkClient : [Producer clientId=producer-1] Connection to node 1001 could not be established. Broker may not be available.
2018-11-13 10:05:47,825 WARN  [kafka-producer-network-thread | producer-1] org.apache.kafka.clients.NetworkClient : [Producer clientId=producer-1] Connection to node 1001 could not be established. Broker may not be available.
2018-11-13 10:05:49,990 WARN  [kafka-producer-network-thread | producer-1] org.apache.kafka.clients.NetworkClient : [Producer clientId=producer-1] Connection to node 1001 could not be established. Broker may not be available.
2018-11-13 10:05:52,006 WARN  [kafka-producer-network-thread | producer-1] org.apache.kafka.clients.NetworkClient : [Producer clientId=producer-1] Connection to node 1001 could not be established. Broker may not be available.
2018-11-13 10:05:54,178 WARN  [kafka-producer-network-thread | producer-1] org.apache.kafka.clients.NetworkClient : [Producer clientId=producer-1] Connection to node 1001 could not be established. Broker may not be available.
2018-11-13 10:05:56,397 WARN  [kafka-producer-network-thread | producer-1] org.apache.kafka.clients.NetworkClient : [Producer clientId=producer-1] Connection to node 1001 could not be established. Broker may not be available.
2018-11-13 10:05:58,567 WARN  [kafka-producer-network-thread | producer-1] org.apache.kafka.clients.NetworkClient : [Producer clientId=producer-1] Connection to node 1001 could not be established. Broker may not be available.
2018-11-13 10:06:00,678 WARN  [kafka-producer-network-thread | producer-1] org.apache.kafka.clients.NetworkClient : [Producer clientId=producer-1] Connection to node 1001 could not be established. Broker may not be available.
2018-11-13 10:06:02,544 WARN  [kafka-producer-network-thread | producer-1] org.apache.kafka.clients.NetworkClient : [Producer clientId=producer-1] Connection to node 1001 could not be established. Broker may not be available.
2018-11-13 10:06:04,360 WARN  [kafka-producer-network-thread | producer-1] org.apache.kafka.clients.NetworkClient : [Producer clientId=producer-1] Connection to node 1001 could not be established. Broker may not be available.
2018-11-13 10:06:06,176 WARN  [kafka-producer-network-thread | producer-1] org.apache.kafka.clients.NetworkClient : [Producer clientId=producer-1] Connection to node 1001 could not be established. Broker may not be available.
2018-11-13 10:06:06,572 ERROR [http-nio-8080-exec-1] org.springframework.kafka.support.LoggingProducerListener : Exception thrown when sending a message with key='null' and payload='User{email='jhgf@k.k', name='oooooooooooooooooooooooooooooooo', password='hgfdsfgbnhgfdv'}' to topic user:
org.apache.kafka.common.errors.TimeoutException: Failed to update metadata after 60000 ms.
2018-11-13 10:06:08,299 WARN  [kafka-producer-network-thread | producer-1] org.apache.kafka.clients.NetworkClient : [Producer clientId=producer-1] Connection to node 1001 could not be established. Broker may not be available.
2018-11-13 10:06:10,477 WARN  [kafka-producer-network-thread | producer-1] org.apache.kafka.clients.NetworkClient : [Producer clientId=producer-1] Connection to node 1001 could not be established. Broker may not be available.
2018-11-13 10:06:12,544 WARN  [kafka-producer-network-thread | producer-1] org.apache.kafka.clients.NetworkClient : [Producer clientId=producer-1] Connection to node 1001 could not be established. Broker may not be available.
2018-11-13 10:06:14,410 WARN  [kafka-producer-network-thread | producer-1] org.apache.kafka.clients.NetworkClient : [Producer clientId=producer-1] Connection to node 1001 could not be established. Broker may not be available.
2018-11-13 10:06:16,639 WARN  [kafka-producer-network-thread | producer-1] org.apache.kafka.clients.NetworkClient : [Producer clientId=producer-1] Connection to node 1001 could not be established. Broker may not be available.
2018-11-13 10:06:18,855 WARN  [kafka-producer-network-thread | producer-1] org.apache.kafka.clients.NetworkClient : [Producer clientId=producer-1] Connection to node 1001 could not be established. Broker may not be available.
2018-11-13 10:06:21,078 WARN  [kafka-producer-network-thread | producer-1] org.apache.kafka.clients.NetworkClient : [Producer clientId=producer-1] Connection to node 1001 could not be established. Broker may not be available.
2018-11-13 10:06:23,044 WARN  [kafka-producer-network-thread | producer-1] org.apache.kafka.clients.NetworkClient : [Producer clientId=producer-1] Connection to node 1001 could not be established. Broker may not be available.
2018-11-13 10:06:24,958 WARN  [kafka-producer-network-thread | producer-1] org.apache.kafka.clients.NetworkClient : [Producer clientId=producer-1] Connection to node 1001 could not be established. Broker may not be available.
2018-11-13 10:06:26,972 WARN  [kafka-producer-network-thread | producer-1] org.apache.kafka.clients.NetworkClient : [Producer clientId=producer-1] Connection to node 1001 could not be established. Broker may not be available.
2018-11-13 10:06:29,090 WARN  [kafka-producer-network-thread | producer-1] org.apache.kafka.clients.NetworkClient : [Producer clientId=producer-1] Connection to node 1001 could not be established. Broker may not be available.
2018-11-13 10:06:31,304 WARN  [kafka-producer-network-thread | producer-1] org.apache.kafka.clients.NetworkClient : [Producer clientId=producer-1] Connection to node 1001 could not be established. Broker may not be available.
2018-11-13 10:06:33,522 WARN  [kafka-producer-network-thread | producer-1] org.apache.kafka.clients.NetworkClient : [Producer clientId=producer-1] Connection to node 1001 could not be established. Broker may not be available.
2018-11-13 10:06:35,490 WARN  [kafka-producer-network-thread | producer-1] org.apache.kafka.clients.NetworkClient : [Producer clientId=producer-1] Connection to node 1001 could not be established. Broker may not be available.
2018-11-13 10:06:37,459 WARN  [kafka-producer-network-thread | producer-1] org.apache.kafka.clients.NetworkClient : [Producer clientId=producer-1] Connection to node 1001 could not be established. Broker may not be available.
2018-11-13 10:06:39,575 WARN  [kafka-producer-network-thread | producer-1] org.apache.kafka.clients.NetworkClient : [Producer clientId=producer-1] Connection to node 1001 could not be established. Broker may not be available.
2018-11-13 10:06:41,639 WARN  [kafka-producer-network-thread | producer-1] org.apache.kafka.clients.NetworkClient : [Producer clientId=producer-1] Connection to node 1001 could not be established. Broker may not be available.
2018-11-13 10:06:43,709 WARN  [kafka-producer-network-thread | producer-1] org.apache.kafka.clients.NetworkClient : [Producer clientId=producer-1] Connection to node 1001 could not be established. Broker may not be available.
2018-11-13 10:06:45,925 WARN  [kafka-producer-network-thread | producer-1] org.apache.kafka.clients.NetworkClient : [Producer clientId=producer-1] Connection to node 1001 could not be established. Broker may not be available.
2018-11-13 10:06:47,939 WARN  [kafka-producer-network-thread | producer-1] org.apache.kafka.clients.NetworkClient : [Producer clientId=producer-1] Connection to node 1001 could not be established. Broker may not be available.
2018-11-13 10:06:50,108 WARN  [kafka-producer-network-thread | producer-1] org.apache.kafka.clients.NetworkClient : [Producer clientId=producer-1] Connection to node 1001 could not be established. Broker may not be available.
2018-11-13 10:06:52,181 WARN  [kafka-producer-network-thread | producer-1] org.apache.kafka.clients.NetworkClient : [Producer clientId=producer-1] Connection to node 1001 could not be established. Broker may not be available.
2018-11-13 10:06:54,147 WARN  [kafka-producer-network-thread | producer-1] org.apache.kafka.clients.NetworkClient : [Producer clientId=producer-1] Connection to node 1001 could not be established. Broker may not be available.
2018-11-13 10:06:56,266 WARN  [kafka-producer-network-thread | producer-1] org.apache.kafka.clients.NetworkClient : [Producer clientId=producer-1] Connection to node 1001 could not be established. Broker may not be available.
2018-11-13 10:06:58,385 WARN  [kafka-producer-network-thread | producer-1] org.apache.kafka.clients.NetworkClient : [Producer clientId=producer-1] Connection to node 1001 could not be established. Broker may not be available.
2018-11-13 10:07:00,250 WARN  [kafka-producer-network-thread | producer-1] org.apache.kafka.clients.NetworkClient : [Producer clientId=producer-1] Connection to node 1001 could not be established. Broker may not be available.
2018-11-13 10:07:02,115 WARN  [kafka-producer-network-thread | producer-1] org.apache.kafka.clients.NetworkClient : [Producer clientId=producer-1] Connection to node 1001 could not be established. Broker may not be available.
2018-11-13 10:07:04,083 WARN  [kafka-producer-network-thread | producer-1] org.apache.kafka.clients.NetworkClient : [Producer clientId=producer-1] Connection to node 1001 could not be established. Broker may not be available.
2018-11-13 10:07:06,198 WARN  [kafka-producer-network-thread | producer-1] org.apache.kafka.clients.NetworkClient : [Producer clientId=producer-1] Connection to node 1001 could not be established. Broker may not be available.
2018-11-13 10:07:08,164 WARN  [kafka-producer-network-thread | producer-1] org.apache.kafka.clients.NetworkClient : [Producer clientId=producer-1] Connection to node 1001 could not be established. Broker may not be available.
2018-11-13 10:07:10,232 WARN  [kafka-producer-network-thread | producer-1] org.apache.kafka.clients.NetworkClient : [Producer clientId=producer-1] Connection to node 1001 could not be established. Broker may not be available.
2018-11-13 10:07:12,352 WARN  [kafka-producer-network-thread | producer-1] org.apache.kafka.clients.NetworkClient : [Producer clientId=producer-1] Connection to node 1001 could not be established. Broker may not be available.
2018-11-13 10:07:14,320 WARN  [kafka-producer-network-thread | producer-1] org.apache.kafka.clients.NetworkClient : [Producer clientId=producer-1] Connection to node 1001 could not be established. Broker may not be available.
2018-11-13 10:07:16,489 WARN  [kafka-producer-network-thread | producer-1] org.apache.kafka.clients.NetworkClient : [Producer clientId=producer-1] Connection to node 1001 could not be established. Broker may not be available.
2018-11-13 10:16:26,120 INFO  [main] com.stackroute.RegistrationApplication : Starting RegistrationApplication on DESKTOP-KQNNCEO with PID 17008 (C:\Users\Ram\Desktop\RegistrationService\target\classes started by Ram in C:\Users\Ram\Desktop\RegistrationService)
2018-11-13 10:16:26,124 DEBUG [main] com.stackroute.RegistrationApplication : Running with Spring Boot v2.1.0.RELEASE, Spring v5.1.2.RELEASE
2018-11-13 10:16:26,126 INFO  [main] com.stackroute.RegistrationApplication : No active profile set, falling back to default profiles: default
2018-11-13 10:16:27,830 INFO  [main] org.springframework.context.support.PostProcessorRegistrationDelegate$BeanPostProcessorChecker : Bean 'org.springframework.kafka.annotation.KafkaBootstrapConfiguration' of type [org.springframework.kafka.annotation.KafkaBootstrapConfiguration$$EnhancerBySpringCGLIB$$f1fb88f6] is not eligible for getting processed by all BeanPostProcessors (for example: not eligible for auto-proxying)
2018-11-13 10:16:28,498 INFO  [main] org.springframework.boot.web.embedded.tomcat.TomcatWebServer : Tomcat initialized with port(s): 8080 (http)
2018-11-13 10:16:28,534 INFO  [main] org.apache.catalina.core.StandardService : Starting service [Tomcat]
2018-11-13 10:16:28,534 INFO  [main] org.apache.catalina.core.StandardEngine : Starting Servlet Engine: Apache Tomcat/9.0.12
2018-11-13 10:16:28,551 INFO  [main] org.apache.catalina.core.AprLifecycleListener : The APR based Apache Tomcat Native library which allows optimal performance in production environments was not found on the java.library.path: [C:\Program Files\Java\jdk-10.0.2\bin;C:\WINDOWS\Sun\Java\bin;C:\WINDOWS\system32;C:\WINDOWS;.;C:\Program Files\Java\jdk-10.0.2\bin;C:\Program Files\MySQL\MySQL Server 8.0\bin\bin...;C:\Program Files\MySQL\MySQL Server 8.0\bin;C:\Ruby24-x64\bin;C:\Users\Ram\AppData\Local\Microsoft\WindowsApps;C:\Users\Ram\AppData\Local\Programs\Microsoft VS Code\bin;C:\Users\Ram\AppData\Roaming\npm;C:\Program Files\MongoDB\Server\4.0\bin;C:\Program Files\nodejs;;C:\Program Files\Docker Toolbox;.]
2018-11-13 10:16:28,694 INFO  [main] org.apache.catalina.core.ContainerBase.[Tomcat].[localhost].[/] : Initializing Spring embedded WebApplicationContext
2018-11-13 10:16:28,694 INFO  [main] org.springframework.web.context.ContextLoader : Root WebApplicationContext: initialization completed in 2500 ms
2018-11-13 10:16:28,737 INFO  [main] org.springframework.boot.web.servlet.ServletRegistrationBean : Servlet dispatcherServlet mapped to [/]
2018-11-13 10:16:28,743 INFO  [main] org.springframework.boot.web.servlet.FilterRegistrationBean : Mapping filter: 'characterEncodingFilter' to: [/*]
2018-11-13 10:16:28,744 INFO  [main] org.springframework.boot.web.servlet.FilterRegistrationBean : Mapping filter: 'hiddenHttpMethodFilter' to: [/*]
2018-11-13 10:16:28,744 INFO  [main] org.springframework.boot.web.servlet.FilterRegistrationBean : Mapping filter: 'formContentFilter' to: [/*]
2018-11-13 10:16:28,744 INFO  [main] org.springframework.boot.web.servlet.FilterRegistrationBean : Mapping filter: 'requestContextFilter' to: [/*]
2018-11-13 10:16:29,078 INFO  [main] org.springframework.scheduling.concurrent.ThreadPoolTaskExecutor : Initializing ExecutorService 'applicationTaskExecutor'
2018-11-13 10:16:29,425 INFO  [main] org.springframework.boot.web.embedded.tomcat.TomcatWebServer : Tomcat started on port(s): 8080 (http) with context path ''
2018-11-13 10:16:29,429 INFO  [main] com.stackroute.RegistrationApplication : Started RegistrationApplication in 3.98 seconds (JVM running for 4.637)
2018-11-13 10:19:22,542 INFO  [main] com.stackroute.RegistrationApplication : Starting RegistrationApplication on DESKTOP-KQNNCEO with PID 11916 (C:\Users\Ram\Desktop\RegistrationService\target\classes started by Ram in C:\Users\Ram\Desktop\RegistrationService)
2018-11-13 10:19:22,546 DEBUG [main] com.stackroute.RegistrationApplication : Running with Spring Boot v2.1.0.RELEASE, Spring v5.1.2.RELEASE
2018-11-13 10:19:22,550 INFO  [main] com.stackroute.RegistrationApplication : No active profile set, falling back to default profiles: default
2018-11-13 10:19:23,996 INFO  [main] org.springframework.context.support.PostProcessorRegistrationDelegate$BeanPostProcessorChecker : Bean 'org.springframework.kafka.annotation.KafkaBootstrapConfiguration' of type [org.springframework.kafka.annotation.KafkaBootstrapConfiguration$$EnhancerBySpringCGLIB$$2bb85522] is not eligible for getting processed by all BeanPostProcessors (for example: not eligible for auto-proxying)
2018-11-13 10:19:24,650 INFO  [main] org.springframework.boot.web.embedded.tomcat.TomcatWebServer : Tomcat initialized with port(s): 8080 (http)
2018-11-13 10:19:24,680 INFO  [main] org.apache.catalina.core.StandardService : Starting service [Tomcat]
2018-11-13 10:19:24,681 INFO  [main] org.apache.catalina.core.StandardEngine : Starting Servlet Engine: Apache Tomcat/9.0.12
2018-11-13 10:19:24,696 INFO  [main] org.apache.catalina.core.AprLifecycleListener : The APR based Apache Tomcat Native library which allows optimal performance in production environments was not found on the java.library.path: [C:\Program Files\Java\jdk-10.0.2\bin;C:\WINDOWS\Sun\Java\bin;C:\WINDOWS\system32;C:\WINDOWS;.;C:\Program Files\Java\jdk-10.0.2\bin;C:\Program Files\MySQL\MySQL Server 8.0\bin\bin...;C:\Program Files\MySQL\MySQL Server 8.0\bin;C:\Ruby24-x64\bin;C:\Users\Ram\AppData\Local\Microsoft\WindowsApps;C:\Users\Ram\AppData\Local\Programs\Microsoft VS Code\bin;C:\Users\Ram\AppData\Roaming\npm;C:\Program Files\MongoDB\Server\4.0\bin;C:\Program Files\nodejs;;C:\Program Files\Docker Toolbox;.]
2018-11-13 10:19:24,813 INFO  [main] org.apache.catalina.core.ContainerBase.[Tomcat].[localhost].[/] : Initializing Spring embedded WebApplicationContext
2018-11-13 10:19:24,813 INFO  [main] org.springframework.web.context.ContextLoader : Root WebApplicationContext: initialization completed in 2179 ms
2018-11-13 10:19:24,849 INFO  [main] org.springframework.boot.web.servlet.ServletRegistrationBean : Servlet dispatcherServlet mapped to [/]
2018-11-13 10:19:24,854 INFO  [main] org.springframework.boot.web.servlet.FilterRegistrationBean : Mapping filter: 'characterEncodingFilter' to: [/*]
2018-11-13 10:19:24,855 INFO  [main] org.springframework.boot.web.servlet.FilterRegistrationBean : Mapping filter: 'hiddenHttpMethodFilter' to: [/*]
2018-11-13 10:19:24,855 INFO  [main] org.springframework.boot.web.servlet.FilterRegistrationBean : Mapping filter: 'formContentFilter' to: [/*]
2018-11-13 10:19:24,855 INFO  [main] org.springframework.boot.web.servlet.FilterRegistrationBean : Mapping filter: 'requestContextFilter' to: [/*]
2018-11-13 10:19:25,170 INFO  [main] org.springframework.scheduling.concurrent.ThreadPoolTaskExecutor : Initializing ExecutorService 'applicationTaskExecutor'
2018-11-13 10:19:25,527 INFO  [main] org.springframework.boot.web.embedded.tomcat.TomcatWebServer : Tomcat started on port(s): 8080 (http) with context path ''
2018-11-13 10:19:25,532 INFO  [main] com.stackroute.RegistrationApplication : Started RegistrationApplication in 3.635 seconds (JVM running for 4.378)
2018-11-13 10:22:08,822 INFO  [main] com.stackroute.RegistrationApplication : Starting RegistrationApplication on DESKTOP-KQNNCEO with PID 14952 (C:\Users\Ram\Desktop\RegistrationService\target\classes started by Ram in C:\Users\Ram\Desktop\RegistrationService)
2018-11-13 10:22:08,827 DEBUG [main] com.stackroute.RegistrationApplication : Running with Spring Boot v2.1.0.RELEASE, Spring v5.1.2.RELEASE
2018-11-13 10:22:08,829 INFO  [main] com.stackroute.RegistrationApplication : No active profile set, falling back to default profiles: default
2018-11-13 10:22:10,237 INFO  [main] org.springframework.context.support.PostProcessorRegistrationDelegate$BeanPostProcessorChecker : Bean 'org.springframework.kafka.annotation.KafkaBootstrapConfiguration' of type [org.springframework.kafka.annotation.KafkaBootstrapConfiguration$$EnhancerBySpringCGLIB$$3e089bc] is not eligible for getting processed by all BeanPostProcessors (for example: not eligible for auto-proxying)
2018-11-13 10:22:10,867 INFO  [main] org.springframework.boot.web.embedded.tomcat.TomcatWebServer : Tomcat initialized with port(s): 8080 (http)
2018-11-13 10:22:10,900 INFO  [main] org.apache.catalina.core.StandardService : Starting service [Tomcat]
2018-11-13 10:22:10,901 INFO  [main] org.apache.catalina.core.StandardEngine : Starting Servlet Engine: Apache Tomcat/9.0.12
2018-11-13 10:22:10,914 INFO  [main] org.apache.catalina.core.AprLifecycleListener : The APR based Apache Tomcat Native library which allows optimal performance in production environments was not found on the java.library.path: [C:\Program Files\Java\jdk-10.0.2\bin;C:\WINDOWS\Sun\Java\bin;C:\WINDOWS\system32;C:\WINDOWS;.;C:\Program Files\Java\jdk-10.0.2\bin;C:\Program Files\MySQL\MySQL Server 8.0\bin\bin...;C:\Program Files\MySQL\MySQL Server 8.0\bin;C:\Ruby24-x64\bin;C:\Users\Ram\AppData\Local\Microsoft\WindowsApps;C:\Users\Ram\AppData\Local\Programs\Microsoft VS Code\bin;C:\Users\Ram\AppData\Roaming\npm;C:\Program Files\MongoDB\Server\4.0\bin;C:\Program Files\nodejs;;C:\Program Files\Docker Toolbox;.]
2018-11-13 10:22:11,041 INFO  [main] org.apache.catalina.core.ContainerBase.[Tomcat].[localhost].[/] : Initializing Spring embedded WebApplicationContext
2018-11-13 10:22:11,041 INFO  [main] org.springframework.web.context.ContextLoader : Root WebApplicationContext: initialization completed in 2122 ms
2018-11-13 10:22:11,076 INFO  [main] org.springframework.boot.web.servlet.ServletRegistrationBean : Servlet dispatcherServlet mapped to [/]
2018-11-13 10:22:11,083 INFO  [main] org.springframework.boot.web.servlet.FilterRegistrationBean : Mapping filter: 'characterEncodingFilter' to: [/*]
2018-11-13 10:22:11,083 INFO  [main] org.springframework.boot.web.servlet.FilterRegistrationBean : Mapping filter: 'hiddenHttpMethodFilter' to: [/*]
2018-11-13 10:22:11,083 INFO  [main] org.springframework.boot.web.servlet.FilterRegistrationBean : Mapping filter: 'formContentFilter' to: [/*]
2018-11-13 10:22:11,083 INFO  [main] org.springframework.boot.web.servlet.FilterRegistrationBean : Mapping filter: 'requestContextFilter' to: [/*]
2018-11-13 10:22:11,388 INFO  [main] org.springframework.scheduling.concurrent.ThreadPoolTaskExecutor : Initializing ExecutorService 'applicationTaskExecutor'
2018-11-13 10:22:11,712 ERROR [main] org.apache.catalina.util.LifecycleBase : Failed to start component [Connector[HTTP/1.1-8080]]
org.apache.catalina.LifecycleException: Protocol handler start failed
	at org.apache.catalina.connector.Connector.startInternal(Connector.java:960)
	at org.apache.catalina.util.LifecycleBase.start(LifecycleBase.java:183)
	at org.apache.catalina.core.StandardService.addConnector(StandardService.java:225)
	at org.springframework.boot.web.embedded.tomcat.TomcatWebServer.addPreviouslyRemovedConnectors(TomcatWebServer.java:259)
	at org.springframework.boot.web.embedded.tomcat.TomcatWebServer.start(TomcatWebServer.java:197)
	at org.springframework.boot.web.servlet.context.ServletWebServerApplicationContext.startWebServer(ServletWebServerApplicationContext.java:300)
	at org.springframework.boot.web.servlet.context.ServletWebServerApplicationContext.finishRefresh(ServletWebServerApplicationContext.java:162)
	at org.springframework.context.support.AbstractApplicationContext.refresh(AbstractApplicationContext.java:549)
	at org.springframework.boot.web.servlet.context.ServletWebServerApplicationContext.refresh(ServletWebServerApplicationContext.java:140)
	at org.springframework.boot.SpringApplication.refresh(SpringApplication.java:775)
	at org.springframework.boot.SpringApplication.refreshContext(SpringApplication.java:397)
	at org.springframework.boot.SpringApplication.run(SpringApplication.java:316)
	at org.springframework.boot.SpringApplication.run(SpringApplication.java:1260)
	at org.springframework.boot.SpringApplication.run(SpringApplication.java:1248)
	at com.stackroute.RegistrationApplication.main(RegistrationApplication.java:10)
Caused by: java.net.BindException: Address already in use: bind
	at java.base/sun.nio.ch.Net.bind0(Native Method)
	at java.base/sun.nio.ch.Net.bind(Net.java:433)
	at java.base/sun.nio.ch.Net.bind(Net.java:425)
	at java.base/sun.nio.ch.ServerSocketChannelImpl.bind(ServerSocketChannelImpl.java:225)
	at java.base/sun.nio.ch.ServerSocketAdaptor.bind(ServerSocketAdaptor.java:74)
	at org.apache.tomcat.util.net.NioEndpoint.initServerSocket(NioEndpoint.java:236)
	at org.apache.tomcat.util.net.NioEndpoint.bind(NioEndpoint.java:210)
	at org.apache.tomcat.util.net.AbstractEndpoint.start(AbstractEndpoint.java:1108)
	at org.apache.coyote.AbstractProtocol.start(AbstractProtocol.java:550)
	at org.apache.catalina.connector.Connector.startInternal(Connector.java:957)
	... 14 common frames omitted
2018-11-13 10:22:11,719 INFO  [main] org.apache.catalina.core.StandardService : Stopping service [Tomcat]
2018-11-13 10:22:11,760 INFO  [main] org.springframework.boot.autoconfigure.logging.ConditionEvaluationReportLoggingListener : 

Error starting ApplicationContext. To display the conditions report re-run your application with 'debug' enabled.
2018-11-13 10:22:11,763 ERROR [main] org.springframework.boot.diagnostics.LoggingFailureAnalysisReporter : 

***************************
APPLICATION FAILED TO START
***************************

Description:

The Tomcat connector configured to listen on port 8080 failed to start. The port may already be in use or the connector may be misconfigured.

Action:

Verify the connector's configuration, identify and stop any process that's listening on port 8080, or configure this application to listen on another port.

2018-11-13 10:22:11,767 INFO  [main] org.springframework.scheduling.concurrent.ThreadPoolTaskExecutor : Shutting down ExecutorService 'applicationTaskExecutor'
2018-11-13 10:22:22,788 INFO  [main] com.stackroute.RegistrationApplication : Starting RegistrationApplication on DESKTOP-KQNNCEO with PID 6236 (C:\Users\Ram\Desktop\RegistrationService\target\classes started by Ram in C:\Users\Ram\Desktop\RegistrationService)
2018-11-13 10:22:22,792 DEBUG [main] com.stackroute.RegistrationApplication : Running with Spring Boot v2.1.0.RELEASE, Spring v5.1.2.RELEASE
2018-11-13 10:22:22,793 INFO  [main] com.stackroute.RegistrationApplication : No active profile set, falling back to default profiles: default
2018-11-13 10:22:24,376 INFO  [main] org.springframework.context.support.PostProcessorRegistrationDelegate$BeanPostProcessorChecker : Bean 'org.springframework.kafka.annotation.KafkaBootstrapConfiguration' of type [org.springframework.kafka.annotation.KafkaBootstrapConfiguration$$EnhancerBySpringCGLIB$$7a8aea27] is not eligible for getting processed by all BeanPostProcessors (for example: not eligible for auto-proxying)
2018-11-13 10:22:25,243 INFO  [main] org.springframework.boot.web.embedded.tomcat.TomcatWebServer : Tomcat initialized with port(s): 8080 (http)
2018-11-13 10:22:25,280 INFO  [main] org.apache.catalina.core.StandardService : Starting service [Tomcat]
2018-11-13 10:22:25,281 INFO  [main] org.apache.catalina.core.StandardEngine : Starting Servlet Engine: Apache Tomcat/9.0.12
2018-11-13 10:22:25,300 INFO  [main] org.apache.catalina.core.AprLifecycleListener : The APR based Apache Tomcat Native library which allows optimal performance in production environments was not found on the java.library.path: [C:\Program Files\Java\jdk-10.0.2\bin;C:\WINDOWS\Sun\Java\bin;C:\WINDOWS\system32;C:\WINDOWS;.;C:\Program Files\Java\jdk-10.0.2\bin;C:\Program Files\MySQL\MySQL Server 8.0\bin\bin...;C:\Program Files\MySQL\MySQL Server 8.0\bin;C:\Ruby24-x64\bin;C:\Users\Ram\AppData\Local\Microsoft\WindowsApps;C:\Users\Ram\AppData\Local\Programs\Microsoft VS Code\bin;C:\Users\Ram\AppData\Roaming\npm;C:\Program Files\MongoDB\Server\4.0\bin;C:\Program Files\nodejs;;C:\Program Files\Docker Toolbox;.]
2018-11-13 10:22:25,514 INFO  [main] org.apache.catalina.core.ContainerBase.[Tomcat].[localhost].[/] : Initializing Spring embedded WebApplicationContext
2018-11-13 10:22:25,515 INFO  [main] org.springframework.web.context.ContextLoader : Root WebApplicationContext: initialization completed in 2637 ms
2018-11-13 10:22:25,569 INFO  [main] org.springframework.boot.web.servlet.ServletRegistrationBean : Servlet dispatcherServlet mapped to [/]
2018-11-13 10:22:25,577 INFO  [main] org.springframework.boot.web.servlet.FilterRegistrationBean : Mapping filter: 'characterEncodingFilter' to: [/*]
2018-11-13 10:22:25,578 INFO  [main] org.springframework.boot.web.servlet.FilterRegistrationBean : Mapping filter: 'hiddenHttpMethodFilter' to: [/*]
2018-11-13 10:22:25,579 INFO  [main] org.springframework.boot.web.servlet.FilterRegistrationBean : Mapping filter: 'formContentFilter' to: [/*]
2018-11-13 10:22:25,580 INFO  [main] org.springframework.boot.web.servlet.FilterRegistrationBean : Mapping filter: 'requestContextFilter' to: [/*]
2018-11-13 10:22:26,040 INFO  [main] org.springframework.scheduling.concurrent.ThreadPoolTaskExecutor : Initializing ExecutorService 'applicationTaskExecutor'
2018-11-13 10:22:26,629 INFO  [main] org.springframework.boot.web.embedded.tomcat.TomcatWebServer : Tomcat started on port(s): 8080 (http) with context path ''
2018-11-13 10:22:26,634 INFO  [main] com.stackroute.RegistrationApplication : Started RegistrationApplication in 4.502 seconds (JVM running for 5.161)
2018-11-13 10:25:14,683 INFO  [http-nio-8080-exec-1] org.apache.catalina.core.ContainerBase.[Tomcat].[localhost].[/] : Initializing Spring DispatcherServlet 'dispatcherServlet'
2018-11-13 10:25:14,685 INFO  [http-nio-8080-exec-1] org.springframework.web.servlet.DispatcherServlet : Initializing Servlet 'dispatcherServlet'
2018-11-13 10:25:14,699 INFO  [http-nio-8080-exec-1] org.springframework.web.servlet.DispatcherServlet : Completed initialization in 14 ms
2018-11-13 10:25:14,958 INFO  [http-nio-8080-exec-1] org.apache.kafka.clients.producer.ProducerConfig : ProducerConfig values: 
	acks = 1
	batch.size = 16384
	bootstrap.servers = [172.23.239.245:9092]
	buffer.memory = 33554432
	client.id = 
	compression.type = none
	connections.max.idle.ms = 540000
	enable.idempotence = false
	interceptor.classes = []
	key.serializer = class org.apache.kafka.common.serialization.StringSerializer
	linger.ms = 0
	max.block.ms = 60000
	max.in.flight.requests.per.connection = 5
	max.request.size = 1048576
	metadata.max.age.ms = 300000
	metric.reporters = []
	metrics.num.samples = 2
	metrics.recording.level = INFO
	metrics.sample.window.ms = 30000
	partitioner.class = class org.apache.kafka.clients.producer.internals.DefaultPartitioner
	receive.buffer.bytes = 32768
	reconnect.backoff.max.ms = 1000
	reconnect.backoff.ms = 50
	request.timeout.ms = 30000
	retries = 0
	retry.backoff.ms = 100
	sasl.client.callback.handler.class = null
	sasl.jaas.config = null
	sasl.kerberos.kinit.cmd = /usr/bin/kinit
	sasl.kerberos.min.time.before.relogin = 60000
	sasl.kerberos.service.name = null
	sasl.kerberos.ticket.renew.jitter = 0.05
	sasl.kerberos.ticket.renew.window.factor = 0.8
	sasl.login.callback.handler.class = null
	sasl.login.class = null
	sasl.login.refresh.buffer.seconds = 300
	sasl.login.refresh.min.period.seconds = 60
	sasl.login.refresh.window.factor = 0.8
	sasl.login.refresh.window.jitter = 0.05
	sasl.mechanism = GSSAPI
	security.protocol = PLAINTEXT
	send.buffer.bytes = 131072
	ssl.cipher.suites = null
	ssl.enabled.protocols = [TLSv1.2, TLSv1.1, TLSv1]
	ssl.endpoint.identification.algorithm = https
	ssl.key.password = null
	ssl.keymanager.algorithm = SunX509
	ssl.keystore.location = null
	ssl.keystore.password = null
	ssl.keystore.type = JKS
	ssl.protocol = TLS
	ssl.provider = null
	ssl.secure.random.implementation = null
	ssl.trustmanager.algorithm = PKIX
	ssl.truststore.location = null
	ssl.truststore.password = null
	ssl.truststore.type = JKS
	transaction.timeout.ms = 60000
	transactional.id = null
	value.serializer = class org.springframework.kafka.support.serializer.JsonSerializer

2018-11-13 10:25:15,068 INFO  [http-nio-8080-exec-1] org.apache.kafka.common.utils.AppInfoParser : Kafka version : 2.0.0
2018-11-13 10:25:15,068 INFO  [http-nio-8080-exec-1] org.apache.kafka.common.utils.AppInfoParser : Kafka commitId : 3402a8361b734732
2018-11-13 10:25:15,402 WARN  [kafka-producer-network-thread | producer-1] org.apache.kafka.clients.NetworkClient : [Producer clientId=producer-1] Error while fetching metadata with correlation id 2 : {user=LEADER_NOT_AVAILABLE}
2018-11-13 10:25:15,403 INFO  [kafka-producer-network-thread | producer-1] org.apache.kafka.clients.Metadata : Cluster ID: bFuXmZwcSSuDcewDKv_Bew
